mode: set
envoy-wasm-graphql-federation/main.go:10.13,30.2 18 0
envoy-wasm-graphql-federation/cmd/wasm/main.go:11.13,14.2 1 0
envoy-wasm-graphql-federation/cmd/wasm/main.go:22.78,24.2 1 0
envoy-wasm-graphql-federation/pkg/cache/cache.go:141.79,142.19 1 1
envoy-wasm-graphql-federation/pkg/cache/cache.go:142.19,144.3 1 1
envoy-wasm-graphql-federation/pkg/cache/cache.go:146.2,157.32 2 1
envoy-wasm-graphql-federation/pkg/cache/cache.go:157.32,159.3 1 1
envoy-wasm-graphql-federation/pkg/cache/cache.go:161.2,161.14 1 1
envoy-wasm-graphql-federation/pkg/cache/cache.go:165.40,190.2 1 1
envoy-wasm-graphql-federation/pkg/cache/cache.go:193.85,194.55 1 0
envoy-wasm-graphql-federation/pkg/cache/cache.go:194.55,196.3 1 0
envoy-wasm-graphql-federation/pkg/cache/cache.go:198.2,202.13 4 0
envoy-wasm-graphql-federation/pkg/cache/cache.go:202.13,206.3 3 0
envoy-wasm-graphql-federation/pkg/cache/cache.go:209.2,209.39 1 0
envoy-wasm-graphql-federation/pkg/cache/cache.go:209.39,214.3 3 0
envoy-wasm-graphql-federation/pkg/cache/cache.go:217.2,224.72 5 0
envoy-wasm-graphql-federation/pkg/cache/cache.go:224.72,227.3 2 0
envoy-wasm-graphql-federation/pkg/cache/cache.go:229.2,229.19 1 0
envoy-wasm-graphql-federation/pkg/cache/cache.go:233.112,234.55 1 0
envoy-wasm-graphql-federation/pkg/cache/cache.go:234.55,236.3 1 0
envoy-wasm-graphql-federation/pkg/cache/cache.go:238.2,238.47 1 0
envoy-wasm-graphql-federation/pkg/cache/cache.go:238.47,240.3 1 0
envoy-wasm-graphql-federation/pkg/cache/cache.go:242.2,246.54 3 0
envoy-wasm-graphql-federation/pkg/cache/cache.go:246.54,248.3 1 0
envoy-wasm-graphql-federation/pkg/cache/cache.go:251.2,251.14 1 0
envoy-wasm-graphql-federation/pkg/cache/cache.go:251.14,253.3 1 0
envoy-wasm-graphql-federation/pkg/cache/cache.go:256.2,271.12 6 0
envoy-wasm-graphql-federation/pkg/cache/cache.go:275.61,276.55 1 0
envoy-wasm-graphql-federation/pkg/cache/cache.go:276.55,278.3 1 0
envoy-wasm-graphql-federation/pkg/cache/cache.go:280.2,284.32 4 0
envoy-wasm-graphql-federation/pkg/cache/cache.go:284.32,285.35 1 0
envoy-wasm-graphql-federation/pkg/cache/cache.go:285.35,287.4 1 0
envoy-wasm-graphql-federation/pkg/cache/cache.go:290.2,290.31 1 0
envoy-wasm-graphql-federation/pkg/cache/cache.go:290.31,293.3 2 0
envoy-wasm-graphql-federation/pkg/cache/cache.go:295.2,296.12 2 0
envoy-wasm-graphql-federation/pkg/cache/cache.go:300.85,301.56 1 0
envoy-wasm-graphql-federation/pkg/cache/cache.go:301.56,303.3 1 0
envoy-wasm-graphql-federation/pkg/cache/cache.go:305.2,309.13 4 0
envoy-wasm-graphql-federation/pkg/cache/cache.go:309.13,313.3 3 0
envoy-wasm-graphql-federation/pkg/cache/cache.go:316.2,316.39 1 0
envoy-wasm-graphql-federation/pkg/cache/cache.go:316.39,320.3 3 0
envoy-wasm-graphql-federation/pkg/cache/cache.go:323.2,330.61 5 0
envoy-wasm-graphql-federation/pkg/cache/cache.go:330.61,333.3 2 0
envoy-wasm-graphql-federation/pkg/cache/cache.go:335.2,335.19 1 0
envoy-wasm-graphql-federation/pkg/cache/cache.go:339.110,340.56 1 0
envoy-wasm-graphql-federation/pkg/cache/cache.go:340.56,342.3 1 0
envoy-wasm-graphql-federation/pkg/cache/cache.go:344.2,348.56 3 0
envoy-wasm-graphql-federation/pkg/cache/cache.go:348.56,350.3 1 0
envoy-wasm-graphql-federation/pkg/cache/cache.go:353.2,353.14 1 0
envoy-wasm-graphql-federation/pkg/cache/cache.go:353.14,355.3 1 0
envoy-wasm-graphql-federation/pkg/cache/cache.go:358.2,373.12 6 0
envoy-wasm-graphql-federation/pkg/cache/cache.go:377.66,378.56 1 0
envoy-wasm-graphql-federation/pkg/cache/cache.go:378.56,380.3 1 0
envoy-wasm-graphql-federation/pkg/cache/cache.go:382.2,385.53 3 0
envoy-wasm-graphql-federation/pkg/cache/cache.go:385.53,389.3 3 0
envoy-wasm-graphql-federation/pkg/cache/cache.go:391.2,391.12 1 0
envoy-wasm-graphql-federation/pkg/cache/cache.go:395.82,396.54 1 0
envoy-wasm-graphql-federation/pkg/cache/cache.go:396.54,398.3 1 0
envoy-wasm-graphql-federation/pkg/cache/cache.go:400.2,404.13 4 0
envoy-wasm-graphql-federation/pkg/cache/cache.go:404.13,408.3 3 0
envoy-wasm-graphql-federation/pkg/cache/cache.go:411.2,411.39 1 0
envoy-wasm-graphql-federation/pkg/cache/cache.go:411.39,415.3 3 0
envoy-wasm-graphql-federation/pkg/cache/cache.go:418.2,425.66 5 0
envoy-wasm-graphql-federation/pkg/cache/cache.go:425.66,428.3 2 0
envoy-wasm-graphql-federation/pkg/cache/cache.go:430.2,430.19 1 0
envoy-wasm-graphql-federation/pkg/cache/cache.go:434.105,435.54 1 0
envoy-wasm-graphql-federation/pkg/cache/cache.go:435.54,437.3 1 0
envoy-wasm-graphql-federation/pkg/cache/cache.go:439.2,443.52 3 0
envoy-wasm-graphql-federation/pkg/cache/cache.go:443.52,445.3 1 0
envoy-wasm-graphql-federation/pkg/cache/cache.go:448.2,448.14 1 0
envoy-wasm-graphql-federation/pkg/cache/cache.go:448.14,450.3 1 0
envoy-wasm-graphql-federation/pkg/cache/cache.go:453.2,468.12 6 0
envoy-wasm-graphql-federation/pkg/cache/cache.go:472.60,473.54 1 0
envoy-wasm-graphql-federation/pkg/cache/cache.go:473.54,475.3 1 0
envoy-wasm-graphql-federation/pkg/cache/cache.go:477.2,481.31 4 0
envoy-wasm-graphql-federation/pkg/cache/cache.go:481.31,482.35 1 0
envoy-wasm-graphql-federation/pkg/cache/cache.go:482.35,484.4 1 0
envoy-wasm-graphql-federation/pkg/cache/cache.go:487.2,487.31 1 0
envoy-wasm-graphql-federation/pkg/cache/cache.go:487.31,490.3 2 0
envoy-wasm-graphql-federation/pkg/cache/cache.go:492.2,493.12 2 0
envoy-wasm-graphql-federation/pkg/cache/cache.go:497.37,519.2 12 0
envoy-wasm-graphql-federation/pkg/cache/cache.go:522.34,527.2 3 0
envoy-wasm-graphql-federation/pkg/cache/cache.go:530.42,536.25 4 0
envoy-wasm-graphql-federation/pkg/cache/cache.go:536.25,538.3 1 0
envoy-wasm-graphql-federation/pkg/cache/cache.go:540.2,560.3 2 0
envoy-wasm-graphql-federation/pkg/cache/cache.go:566.38,569.12 2 1
envoy-wasm-graphql-federation/pkg/cache/cache.go:569.12,570.7 1 1
envoy-wasm-graphql-federation/pkg/cache/cache.go:570.7,571.11 1 1
envoy-wasm-graphql-federation/pkg/cache/cache.go:572.29,573.16 1 0
envoy-wasm-graphql-federation/pkg/cache/cache.go:574.25,576.11 2 0
envoy-wasm-graphql-federation/pkg/cache/cache.go:583.33,591.39 5 0
envoy-wasm-graphql-federation/pkg/cache/cache.go:591.39,592.33 1 0
envoy-wasm-graphql-federation/pkg/cache/cache.go:592.33,595.4 2 0
envoy-wasm-graphql-federation/pkg/cache/cache.go:599.2,599.40 1 0
envoy-wasm-graphql-federation/pkg/cache/cache.go:599.40,600.33 1 0
envoy-wasm-graphql-federation/pkg/cache/cache.go:600.33,603.4 2 0
envoy-wasm-graphql-federation/pkg/cache/cache.go:607.2,607.38 1 0
envoy-wasm-graphql-federation/pkg/cache/cache.go:607.38,608.33 1 0
envoy-wasm-graphql-federation/pkg/cache/cache.go:608.33,611.4 2 0
envoy-wasm-graphql-federation/pkg/cache/cache.go:614.2,617.17 3 0
envoy-wasm-graphql-federation/pkg/cache/cache.go:617.17,619.3 1 0
envoy-wasm-graphql-federation/pkg/cache/cache.go:623.42,627.39 3 0
envoy-wasm-graphql-federation/pkg/cache/cache.go:627.39,628.61 1 0
envoy-wasm-graphql-federation/pkg/cache/cache.go:628.61,631.4 2 0
envoy-wasm-graphql-federation/pkg/cache/cache.go:634.2,634.21 1 0
envoy-wasm-graphql-federation/pkg/cache/cache.go:634.21,637.3 2 0
envoy-wasm-graphql-federation/pkg/cache/cache.go:641.43,645.40 3 0
envoy-wasm-graphql-federation/pkg/cache/cache.go:645.40,646.61 1 0
envoy-wasm-graphql-federation/pkg/cache/cache.go:646.61,649.4 2 0
envoy-wasm-graphql-federation/pkg/cache/cache.go:652.2,652.21 1 0
envoy-wasm-graphql-federation/pkg/cache/cache.go:652.21,655.3 2 0
envoy-wasm-graphql-federation/pkg/cache/cache.go:659.41,663.38 3 0
envoy-wasm-graphql-federation/pkg/cache/cache.go:663.38,664.61 1 0
envoy-wasm-graphql-federation/pkg/cache/cache.go:664.61,667.4 2 0
envoy-wasm-graphql-federation/pkg/cache/cache.go:670.2,670.21 1 0
envoy-wasm-graphql-federation/pkg/cache/cache.go:670.21,673.3 2 0
envoy-wasm-graphql-federation/pkg/cache/cache.go:677.62,679.20 1 0
envoy-wasm-graphql-federation/pkg/cache/cache.go:679.20,681.3 1 0
envoy-wasm-graphql-federation/pkg/cache/cache.go:683.2,683.37 1 0
envoy-wasm-graphql-federation/pkg/cache/cache.go:683.37,686.3 1 0
envoy-wasm-graphql-federation/pkg/cache/cache.go:689.2,690.28 2 0
envoy-wasm-graphql-federation/pkg/cache/cache.go:690.28,692.3 1 0
envoy-wasm-graphql-federation/pkg/cache/cache.go:695.2,695.74 1 0
envoy-wasm-graphql-federation/pkg/cache/cache.go:695.74,697.3 1 0
envoy-wasm-graphql-federation/pkg/cache/cache.go:700.2,701.60 2 0
envoy-wasm-graphql-federation/pkg/cache/cache.go:701.60,703.3 1 0
envoy-wasm-graphql-federation/pkg/cache/cache.go:706.2,707.30 2 0
envoy-wasm-graphql-federation/pkg/cache/cache.go:707.30,709.3 1 0
envoy-wasm-graphql-federation/pkg/cache/cache.go:711.2,711.43 1 0
envoy-wasm-graphql-federation/pkg/cache/cache.go:711.43,713.21 2 0
envoy-wasm-graphql-federation/pkg/cache/cache.go:713.21,714.12 1 0
envoy-wasm-graphql-federation/pkg/cache/cache.go:717.3,718.18 2 0
envoy-wasm-graphql-federation/pkg/cache/cache.go:718.18,720.4 1 0
envoy-wasm-graphql-federation/pkg/cache/cache.go:722.3,722.34 1 0
envoy-wasm-graphql-federation/pkg/cache/cache.go:725.2,725.13 1 0
envoy-wasm-graphql-federation/pkg/cache/cache.go:729.58,730.16 1 0
envoy-wasm-graphql-federation/pkg/cache/cache.go:730.16,732.3 1 0
envoy-wasm-graphql-federation/pkg/cache/cache.go:735.2,736.14 2 0
envoy-wasm-graphql-federation/pkg/cache/cache.go:736.14,738.3 1 0
envoy-wasm-graphql-federation/pkg/cache/cache.go:741.2,741.52 1 0
envoy-wasm-graphql-federation/pkg/cache/cache.go:741.52,743.3 1 0
envoy-wasm-graphql-federation/pkg/cache/cache.go:746.2,746.28 1 0
envoy-wasm-graphql-federation/pkg/cache/cache.go:750.64,751.25 1 0
envoy-wasm-graphql-federation/pkg/cache/cache.go:752.14,753.16 1 0
envoy-wasm-graphql-federation/pkg/cache/cache.go:754.14,755.16 1 0
envoy-wasm-graphql-federation/pkg/cache/cache.go:756.38,757.11 1 0
envoy-wasm-graphql-federation/pkg/cache/cache.go:758.43,759.11 1 0
envoy-wasm-graphql-federation/pkg/cache/cache.go:760.15,761.11 1 0
envoy-wasm-graphql-federation/pkg/cache/cache.go:762.15,763.11 1 0
envoy-wasm-graphql-federation/pkg/cache/cache.go:764.12,765.11 1 0
envoy-wasm-graphql-federation/pkg/cache/cache.go:766.30,767.31 1 0
envoy-wasm-graphql-federation/pkg/cache/cache.go:768.21,769.33 1 0
envoy-wasm-graphql-federation/pkg/cache/cache.go:770.10,771.11 1 0
envoy-wasm-graphql-federation/pkg/cache/cache.go:776.70,778.28 2 0
envoy-wasm-graphql-federation/pkg/cache/cache.go:778.28,782.3 3 0
envoy-wasm-graphql-federation/pkg/cache/cache.go:783.2,783.13 1 0
envoy-wasm-graphql-federation/pkg/cache/cache.go:787.63,789.25 2 0
envoy-wasm-graphql-federation/pkg/cache/cache.go:789.25,792.3 2 0
envoy-wasm-graphql-federation/pkg/cache/cache.go:793.2,793.13 1 0
envoy-wasm-graphql-federation/pkg/cache/cache.go:797.57,800.18 2 0
envoy-wasm-graphql-federation/pkg/cache/cache.go:800.18,802.3 1 0
envoy-wasm-graphql-federation/pkg/cache/cache.go:804.2,804.18 1 0
envoy-wasm-graphql-federation/pkg/cache/cache.go:805.22,806.17 1 0
envoy-wasm-graphql-federation/pkg/cache/cache.go:807.36,809.32 2 0
envoy-wasm-graphql-federation/pkg/cache/cache.go:809.32,810.14 1 0
envoy-wasm-graphql-federation/pkg/cache/cache.go:810.14,812.5 1 0
envoy-wasm-graphql-federation/pkg/cache/cache.go:812.10,814.5 1 0
envoy-wasm-graphql-federation/pkg/cache/cache.go:816.3,816.14 1 0
envoy-wasm-graphql-federation/pkg/cache/cache.go:817.19,820.28 3 0
envoy-wasm-graphql-federation/pkg/cache/cache.go:820.28,821.14 1 0
envoy-wasm-graphql-federation/pkg/cache/cache.go:821.14,824.5 2 0
envoy-wasm-graphql-federation/pkg/cache/cache.go:824.10,826.5 1 0
envoy-wasm-graphql-federation/pkg/cache/cache.go:828.3,828.14 1 0
envoy-wasm-graphql-federation/pkg/cache/cache.go:829.19,830.16 1 0
envoy-wasm-graphql-federation/pkg/cache/cache.go:830.16,832.4 1 0
envoy-wasm-graphql-federation/pkg/cache/cache.go:833.3,833.50 1 0
envoy-wasm-graphql-federation/pkg/cache/cache.go:834.22,836.37 2 0
envoy-wasm-graphql-federation/pkg/cache/cache.go:836.37,838.28 2 0
envoy-wasm-graphql-federation/pkg/cache/cache.go:838.28,840.5 1 0
envoy-wasm-graphql-federation/pkg/cache/cache.go:840.10,842.5 1 0
envoy-wasm-graphql-federation/pkg/cache/cache.go:844.3,844.14 1 0
envoy-wasm-graphql-federation/pkg/cache/cache.go:845.10,846.12 1 0
envoy-wasm-graphql-federation/pkg/cache/cache.go:851.54,853.24 2 0
envoy-wasm-graphql-federation/pkg/cache/cache.go:853.24,855.3 1 0
envoy-wasm-graphql-federation/pkg/cache/cache.go:856.2,856.29 1 0
envoy-wasm-graphql-federation/pkg/cache/cache.go:865.48,867.2 1 0
envoy-wasm-graphql-federation/pkg/cache/cache.go:870.123,877.39 3 0
envoy-wasm-graphql-federation/pkg/cache/cache.go:877.39,879.3 1 0
envoy-wasm-graphql-federation/pkg/cache/cache.go:882.2,882.22 1 0
envoy-wasm-graphql-federation/pkg/cache/cache.go:882.22,883.62 1 0
envoy-wasm-graphql-federation/pkg/cache/cache.go:883.62,884.30 1 0
envoy-wasm-graphql-federation/pkg/cache/cache.go:884.30,886.5 1 0
envoy-wasm-graphql-federation/pkg/cache/cache.go:891.2,891.25 1 0
envoy-wasm-graphql-federation/pkg/cache/cache.go:891.25,892.38 1 0
envoy-wasm-graphql-federation/pkg/cache/cache.go:892.38,894.4 1 0
envoy-wasm-graphql-federation/pkg/cache/cache.go:897.2,897.51 1 0
envoy-wasm-graphql-federation/pkg/cache/cache.go:901.85,907.39 3 0
envoy-wasm-graphql-federation/pkg/cache/cache.go:907.39,909.3 1 0
envoy-wasm-graphql-federation/pkg/cache/cache.go:912.2,912.35 1 0
envoy-wasm-graphql-federation/pkg/cache/cache.go:912.35,913.32 1 0
envoy-wasm-graphql-federation/pkg/cache/cache.go:913.32,915.4 1 0
envoy-wasm-graphql-federation/pkg/cache/cache.go:918.2,918.50 1 0
envoy-wasm-graphql-federation/pkg/cache/cache.go:922.90,923.19 1 0
envoy-wasm-graphql-federation/pkg/cache/cache.go:923.19,925.3 1 0
envoy-wasm-graphql-federation/pkg/cache/cache.go:926.2,926.46 1 0
envoy-wasm-graphql-federation/pkg/errors/errors.go:20.47,30.2 1 0
envoy-wasm-graphql-federation/pkg/errors/errors.go:33.48,34.14 1 1
envoy-wasm-graphql-federation/pkg/errors/errors.go:35.67,36.20 1 1
envoy-wasm-graphql-federation/pkg/errors/errors.go:37.62,38.16 1 1
envoy-wasm-graphql-federation/pkg/errors/errors.go:39.75,40.18 1 1
envoy-wasm-graphql-federation/pkg/errors/errors.go:41.10,42.15 1 1
envoy-wasm-graphql-federation/pkg/errors/errors.go:47.48,48.14 1 1
envoy-wasm-graphql-federation/pkg/errors/errors.go:49.75,50.16 1 1
envoy-wasm-graphql-federation/pkg/errors/errors.go:51.86,52.20 1 1
envoy-wasm-graphql-federation/pkg/errors/errors.go:53.50,54.18 1 1
envoy-wasm-graphql-federation/pkg/errors/errors.go:55.23,56.18 1 1
envoy-wasm-graphql-federation/pkg/errors/errors.go:57.10,58.19 1 1
envoy-wasm-graphql-federation/pkg/errors/errors.go:63.43,64.14 1 1
envoy-wasm-graphql-federation/pkg/errors/errors.go:65.62,66.14 1 1
envoy-wasm-graphql-federation/pkg/errors/errors.go:67.24,68.14 1 1
envoy-wasm-graphql-federation/pkg/errors/errors.go:69.10,70.15 1 1
envoy-wasm-graphql-federation/pkg/errors/errors.go:124.42,125.21 1 1
envoy-wasm-graphql-federation/pkg/errors/errors.go:125.21,127.3 1 1
envoy-wasm-graphql-federation/pkg/errors/errors.go:128.2,128.50 1 1
envoy-wasm-graphql-federation/pkg/errors/errors.go:132.67,137.26 2 1
envoy-wasm-graphql-federation/pkg/errors/errors.go:137.26,139.3 1 1
envoy-wasm-graphql-federation/pkg/errors/errors.go:141.2,141.21 1 1
envoy-wasm-graphql-federation/pkg/errors/errors.go:141.21,143.3 1 1
envoy-wasm-graphql-federation/pkg/errors/errors.go:145.2,148.21 3 1
envoy-wasm-graphql-federation/pkg/errors/errors.go:148.21,150.3 1 1
envoy-wasm-graphql-federation/pkg/errors/errors.go:152.2,152.33 1 1
envoy-wasm-graphql-federation/pkg/errors/errors.go:152.33,154.3 1 1
envoy-wasm-graphql-federation/pkg/errors/errors.go:156.2,156.25 1 1
envoy-wasm-graphql-federation/pkg/errors/errors.go:156.25,158.3 1 1
envoy-wasm-graphql-federation/pkg/errors/errors.go:160.2,160.15 1 1
envoy-wasm-graphql-federation/pkg/errors/errors.go:164.95,171.27 2 1
envoy-wasm-graphql-federation/pkg/errors/errors.go:171.27,173.3 1 1
envoy-wasm-graphql-federation/pkg/errors/errors.go:175.2,175.12 1 1
envoy-wasm-graphql-federation/pkg/errors/errors.go:182.46,183.34 1 1
envoy-wasm-graphql-federation/pkg/errors/errors.go:183.34,185.3 1 1
envoy-wasm-graphql-federation/pkg/errors/errors.go:189.48,190.34 1 1
envoy-wasm-graphql-federation/pkg/errors/errors.go:190.34,192.3 1 1
envoy-wasm-graphql-federation/pkg/errors/errors.go:196.49,197.34 1 1
envoy-wasm-graphql-federation/pkg/errors/errors.go:197.34,202.3 1 1
envoy-wasm-graphql-federation/pkg/errors/errors.go:206.41,207.34 1 0
envoy-wasm-graphql-federation/pkg/errors/errors.go:207.34,209.26 2 0
envoy-wasm-graphql-federation/pkg/errors/errors.go:209.26,211.4 1 0
envoy-wasm-graphql-federation/pkg/errors/errors.go:212.3,212.48 1 0
envoy-wasm-graphql-federation/pkg/errors/errors.go:217.63,218.34 1 0
envoy-wasm-graphql-federation/pkg/errors/errors.go:218.34,219.26 1 0
envoy-wasm-graphql-federation/pkg/errors/errors.go:219.26,221.4 1 0
envoy-wasm-graphql-federation/pkg/errors/errors.go:222.3,222.28 1 0
envoy-wasm-graphql-federation/pkg/errors/errors.go:229.81,231.2 1 0
envoy-wasm-graphql-federation/pkg/errors/errors.go:234.84,236.2 1 0
envoy-wasm-graphql-federation/pkg/errors/errors.go:239.84,241.2 1 0
envoy-wasm-graphql-federation/pkg/errors/errors.go:244.77,246.2 1 0
envoy-wasm-graphql-federation/pkg/errors/errors.go:249.78,251.2 1 0
envoy-wasm-graphql-federation/pkg/errors/errors.go:254.96,257.2 2 0
envoy-wasm-graphql-federation/pkg/errors/errors.go:260.92,263.2 2 0
envoy-wasm-graphql-federation/pkg/errors/errors.go:266.75,268.2 1 0
envoy-wasm-graphql-federation/pkg/errors/errors.go:271.75,273.2 1 0
envoy-wasm-graphql-federation/pkg/errors/errors.go:276.84,280.2 3 0
envoy-wasm-graphql-federation/pkg/errors/errors.go:283.77,285.2 1 0
envoy-wasm-graphql-federation/pkg/errors/errors.go:288.96,291.2 2 0
envoy-wasm-graphql-federation/pkg/errors/errors.go:294.78,296.2 1 0
envoy-wasm-graphql-federation/pkg/errors/errors.go:299.76,301.2 1 0
envoy-wasm-graphql-federation/pkg/errors/errors.go:304.74,306.2 1 0
envoy-wasm-graphql-federation/pkg/errors/errors.go:309.74,311.2 1 0
envoy-wasm-graphql-federation/pkg/errors/errors.go:314.85,316.2 1 0
envoy-wasm-graphql-federation/pkg/errors/errors.go:319.85,321.2 1 0
envoy-wasm-graphql-federation/pkg/errors/errors.go:324.83,326.2 1 0
envoy-wasm-graphql-federation/pkg/errors/errors.go:329.82,331.2 1 0
envoy-wasm-graphql-federation/pkg/errors/errors.go:334.79,336.2 1 0
envoy-wasm-graphql-federation/pkg/errors/errors.go:339.76,341.2 1 0
envoy-wasm-graphql-federation/pkg/errors/errors.go:344.79,346.2 1 0
envoy-wasm-graphql-federation/pkg/errors/errors.go:349.39,350.46 1 0
envoy-wasm-graphql-federation/pkg/errors/errors.go:350.46,351.22 1 0
envoy-wasm-graphql-federation/pkg/errors/errors.go:352.43,353.15 1 0
envoy-wasm-graphql-federation/pkg/errors/errors.go:354.27,356.69 1 0
envoy-wasm-graphql-federation/pkg/errors/errors.go:356.69,357.41 1 0
envoy-wasm-graphql-federation/pkg/errors/errors.go:357.41,359.6 1 0
envoy-wasm-graphql-federation/pkg/errors/errors.go:361.4,361.15 1 0
envoy-wasm-graphql-federation/pkg/errors/errors.go:364.2,364.14 1 0
envoy-wasm-graphql-federation/pkg/errors/errors.go:368.41,369.46 1 0
envoy-wasm-graphql-federation/pkg/errors/errors.go:369.46,370.22 1 0
envoy-wasm-graphql-federation/pkg/errors/errors.go:371.68,372.17 1 0
envoy-wasm-graphql-federation/pkg/errors/errors.go:373.63,374.19 1 0
envoy-wasm-graphql-federation/pkg/errors/errors.go:375.76,376.16 1 0
envoy-wasm-graphql-federation/pkg/errors/errors.go:377.11,378.19 1 0
envoy-wasm-graphql-federation/pkg/errors/errors.go:381.2,381.18 1 0
envoy-wasm-graphql-federation/pkg/errors/errors.go:385.68,386.22 1 0
envoy-wasm-graphql-federation/pkg/errors/errors.go:386.22,388.3 1 0
envoy-wasm-graphql-federation/pkg/errors/errors.go:391.2,393.29 2 0
envoy-wasm-graphql-federation/pkg/errors/errors.go:393.29,395.48 2 0
envoy-wasm-graphql-federation/pkg/errors/errors.go:395.48,399.4 2 0
envoy-wasm-graphql-federation/pkg/errors/errors.go:399.9,401.4 1 0
envoy-wasm-graphql-federation/pkg/errors/errors.go:404.2,405.31 2 0
envoy-wasm-graphql-federation/pkg/errors/errors.go:405.31,407.3 1 0
envoy-wasm-graphql-federation/pkg/errors/errors.go:409.2,409.15 1 0
envoy-wasm-graphql-federation/pkg/errors/errors.go:418.42,422.2 1 0
envoy-wasm-graphql-federation/pkg/errors/errors.go:425.53,426.16 1 0
envoy-wasm-graphql-federation/pkg/errors/errors.go:426.16,428.3 1 0
envoy-wasm-graphql-federation/pkg/errors/errors.go:432.47,433.16 1 0
envoy-wasm-graphql-federation/pkg/errors/errors.go:433.16,434.47 1 0
envoy-wasm-graphql-federation/pkg/errors/errors.go:434.47,436.4 1 0
envoy-wasm-graphql-federation/pkg/errors/errors.go:436.9,438.4 1 0
envoy-wasm-graphql-federation/pkg/errors/errors.go:443.44,445.2 1 0
envoy-wasm-graphql-federation/pkg/errors/errors.go:448.39,450.2 1 0
envoy-wasm-graphql-federation/pkg/errors/errors.go:453.58,455.2 1 0
envoy-wasm-graphql-federation/pkg/errors/errors.go:458.70,461.29 3 0
envoy-wasm-graphql-federation/pkg/errors/errors.go:461.29,463.3 1 0
envoy-wasm-graphql-federation/pkg/errors/errors.go:464.2,464.15 1 0
envoy-wasm-graphql-federation/pkg/errors/errors.go:468.35,470.2 1 0
envoy-wasm-graphql-federation/pkg/errors/errors.go:485.40,489.2 1 0
envoy-wasm-graphql-federation/pkg/errors/errors.go:492.64,495.44 2 0
envoy-wasm-graphql-federation/pkg/errors/errors.go:495.44,496.68 1 0
envoy-wasm-graphql-federation/pkg/errors/errors.go:496.68,498.4 1 0
envoy-wasm-graphql-federation/pkg/errors/errors.go:498.9,499.9 1 0
envoy-wasm-graphql-federation/pkg/errors/errors.go:505.66,506.38 1 0
envoy-wasm-graphql-federation/pkg/errors/errors.go:506.38,507.29 1 0
envoy-wasm-graphql-federation/pkg/errors/errors.go:507.29,509.4 1 0
envoy-wasm-graphql-federation/pkg/errors/errors.go:511.2,511.12 1 0
envoy-wasm-graphql-federation/pkg/errors/errors.go:520.44,524.2 1 0
envoy-wasm-graphql-federation/pkg/errors/errors.go:527.38,528.30 1 0
envoy-wasm-graphql-federation/pkg/errors/errors.go:528.30,529.24 1 0
envoy-wasm-graphql-federation/pkg/errors/errors.go:530.25,531.23 1 0
envoy-wasm-graphql-federation/pkg/errors/errors.go:532.14,533.28 1 0
envoy-wasm-graphql-federation/pkg/errors/errors.go:534.11,535.67 1 0
envoy-wasm-graphql-federation/pkg/errors/errors.go:541.59,543.2 1 0
envoy-wasm-graphql-federation/pkg/errors/errors.go:546.45,548.2 1 0
envoy-wasm-graphql-federation/pkg/errors/errors.go:564.76,565.30 1 0
envoy-wasm-graphql-federation/pkg/errors/errors.go:565.30,567.3 1 0
envoy-wasm-graphql-federation/pkg/errors/errors.go:569.2,569.27 1 0
envoy-wasm-graphql-federation/pkg/errors/errors.go:569.27,571.3 1 0
envoy-wasm-graphql-federation/pkg/errors/errors.go:573.2,575.25 2 0
envoy-wasm-graphql-federation/pkg/errors/errors.go:575.25,577.3 1 0
envoy-wasm-graphql-federation/pkg/errors/errors.go:579.2,579.25 1 0
envoy-wasm-graphql-federation/pkg/errors/errors.go:579.25,581.3 1 0
envoy-wasm-graphql-federation/pkg/errors/errors.go:583.2,583.44 1 0
envoy-wasm-graphql-federation/pkg/errors/errors.go:583.44,585.3 1 0
envoy-wasm-graphql-federation/pkg/errors/errors.go:587.2,587.12 1 0
envoy-wasm-graphql-federation/pkg/errors/errors.go:591.59,592.16 1 0
envoy-wasm-graphql-federation/pkg/errors/errors.go:592.16,594.3 1 0
envoy-wasm-graphql-federation/pkg/errors/errors.go:597.2,606.27 2 0
envoy-wasm-graphql-federation/pkg/errors/errors.go:606.27,609.35 3 0
envoy-wasm-graphql-federation/pkg/errors/errors.go:609.35,610.50 1 0
envoy-wasm-graphql-federation/pkg/errors/errors.go:610.50,612.5 1 0
envoy-wasm-graphql-federation/pkg/errors/errors.go:616.2,616.18 1 0
envoy-wasm-graphql-federation/pkg/caller/caller.go:60.103,61.19 1 1
envoy-wasm-graphql-federation/pkg/caller/caller.go:61.19,63.3 1 1
envoy-wasm-graphql-federation/pkg/caller/caller.go:65.2,69.3 1 1
envoy-wasm-graphql-federation/pkg/caller/caller.go:73.42,85.2 1 1
envoy-wasm-graphql-federation/pkg/caller/caller.go:88.125,89.17 1 1
envoy-wasm-graphql-federation/pkg/caller/caller.go:89.17,91.3 1 1
envoy-wasm-graphql-federation/pkg/caller/caller.go:93.2,93.25 1 1
envoy-wasm-graphql-federation/pkg/caller/caller.go:93.25,95.3 1 1
envoy-wasm-graphql-federation/pkg/caller/caller.go:97.2,114.16 6 0
envoy-wasm-graphql-federation/pkg/caller/caller.go:114.16,117.3 2 0
envoy-wasm-graphql-federation/pkg/caller/caller.go:120.2,126.33 2 0
envoy-wasm-graphql-federation/pkg/caller/caller.go:126.33,127.48 1 0
envoy-wasm-graphql-federation/pkg/caller/caller.go:127.48,129.4 1 0
envoy-wasm-graphql-federation/pkg/caller/caller.go:135.2,139.79 2 0
envoy-wasm-graphql-federation/pkg/caller/caller.go:143.135,144.21 1 1
envoy-wasm-graphql-federation/pkg/caller/caller.go:144.21,146.3 1 1
envoy-wasm-graphql-federation/pkg/caller/caller.go:148.2,162.29 6 0
envoy-wasm-graphql-federation/pkg/caller/caller.go:162.29,164.62 2 0
envoy-wasm-graphql-federation/pkg/caller/caller.go:164.62,170.11 3 0
envoy-wasm-graphql-federation/pkg/caller/caller.go:171.72,171.72 0 0
envoy-wasm-graphql-federation/pkg/caller/caller.go:172.22,174.11 1 0
envoy-wasm-graphql-federation/pkg/caller/caller.go:180.2,180.12 1 0
envoy-wasm-graphql-federation/pkg/caller/caller.go:180.12,183.3 2 0
envoy-wasm-graphql-federation/pkg/caller/caller.go:186.2,187.33 2 0
envoy-wasm-graphql-federation/pkg/caller/caller.go:187.33,188.24 1 0
envoy-wasm-graphql-federation/pkg/caller/caller.go:188.24,193.4 2 0
envoy-wasm-graphql-federation/pkg/caller/caller.go:193.9,195.4 1 0
envoy-wasm-graphql-federation/pkg/caller/caller.go:199.2,199.25 1 0
envoy-wasm-graphql-federation/pkg/caller/caller.go:199.25,202.34 2 0
envoy-wasm-graphql-federation/pkg/caller/caller.go:202.34,204.4 1 0
envoy-wasm-graphql-federation/pkg/caller/caller.go:206.3,206.51 1 0
envoy-wasm-graphql-federation/pkg/caller/caller.go:209.2,210.23 2 0
envoy-wasm-graphql-federation/pkg/caller/caller.go:214.98,215.20 1 0
envoy-wasm-graphql-federation/pkg/caller/caller.go:215.20,217.3 1 0
envoy-wasm-graphql-federation/pkg/caller/caller.go:221.2,221.56 1 0
envoy-wasm-graphql-federation/pkg/caller/caller.go:221.56,223.63 2 0
envoy-wasm-graphql-federation/pkg/caller/caller.go:223.63,225.4 1 0
envoy-wasm-graphql-federation/pkg/caller/caller.go:229.2,238.16 4 0
envoy-wasm-graphql-federation/pkg/caller/caller.go:242.65,244.44 1 1
envoy-wasm-graphql-federation/pkg/caller/caller.go:244.44,246.3 1 1
envoy-wasm-graphql-federation/pkg/caller/caller.go:246.8,246.52 1 1
envoy-wasm-graphql-federation/pkg/caller/caller.go:246.52,248.3 1 1
envoy-wasm-graphql-federation/pkg/caller/caller.go:251.2,251.50 1 1
envoy-wasm-graphql-federation/pkg/caller/caller.go:251.50,253.3 1 1
envoy-wasm-graphql-federation/pkg/caller/caller.go:256.2,256.50 1 1
envoy-wasm-graphql-federation/pkg/caller/caller.go:256.50,258.3 1 1
envoy-wasm-graphql-federation/pkg/caller/caller.go:260.2,260.17 1 1
envoy-wasm-graphql-federation/pkg/caller/caller.go:264.198,273.29 3 0
envoy-wasm-graphql-federation/pkg/caller/caller.go:273.29,275.3 1 0
envoy-wasm-graphql-federation/pkg/caller/caller.go:278.2,300.47 6 0
envoy-wasm-graphql-federation/pkg/caller/caller.go:300.47,302.22 1 0
envoy-wasm-graphql-federation/pkg/caller/caller.go:302.22,304.5 1 0
envoy-wasm-graphql-federation/pkg/caller/caller.go:309.2,311.16 2 0
envoy-wasm-graphql-federation/pkg/caller/caller.go:311.16,314.3 2 0
envoy-wasm-graphql-federation/pkg/caller/caller.go:316.2,325.16 4 0
envoy-wasm-graphql-federation/pkg/caller/caller.go:325.16,329.3 3 0
envoy-wasm-graphql-federation/pkg/caller/caller.go:332.2,339.22 6 0
envoy-wasm-graphql-federation/pkg/caller/caller.go:352.68,359.2 1 0
envoy-wasm-graphql-federation/pkg/caller/caller.go:362.89,367.17 3 0
envoy-wasm-graphql-federation/pkg/caller/caller.go:367.17,370.3 2 0
envoy-wasm-graphql-federation/pkg/caller/caller.go:371.2,378.16 4 0
envoy-wasm-graphql-federation/pkg/caller/caller.go:378.16,382.3 3 0
envoy-wasm-graphql-federation/pkg/caller/caller.go:385.2,386.16 2 0
envoy-wasm-graphql-federation/pkg/caller/caller.go:386.16,390.3 3 0
envoy-wasm-graphql-federation/pkg/caller/caller.go:393.2,395.41 3 0
envoy-wasm-graphql-federation/pkg/caller/caller.go:395.41,396.29 1 0
envoy-wasm-graphql-federation/pkg/caller/caller.go:396.29,398.4 1 0
envoy-wasm-graphql-federation/pkg/caller/caller.go:398.9,400.4 1 0
envoy-wasm-graphql-federation/pkg/caller/caller.go:403.2,418.43 3 0
envoy-wasm-graphql-federation/pkg/caller/caller.go:418.43,420.76 2 0
envoy-wasm-graphql-federation/pkg/caller/caller.go:420.76,425.4 3 0
envoy-wasm-graphql-federation/pkg/caller/caller.go:425.9,430.41 4 0
envoy-wasm-graphql-federation/pkg/caller/caller.go:430.41,431.50 1 0
envoy-wasm-graphql-federation/pkg/caller/caller.go:431.50,433.6 1 0
envoy-wasm-graphql-federation/pkg/caller/caller.go:436.8,438.3 1 0
envoy-wasm-graphql-federation/pkg/caller/caller.go:441.2,441.26 1 0
envoy-wasm-graphql-federation/pkg/caller/caller.go:445.87,446.9 1 0
envoy-wasm-graphql-federation/pkg/caller/caller.go:447.34,448.91 1 0
envoy-wasm-graphql-federation/pkg/caller/caller.go:449.10,451.86 1 0
envoy-wasm-graphql-federation/pkg/caller/caller.go:456.52,457.9 1 0
envoy-wasm-graphql-federation/pkg/caller/caller.go:458.26,459.103 1 0
envoy-wasm-graphql-federation/pkg/caller/caller.go:460.10,462.98 1 0
envoy-wasm-graphql-federation/pkg/caller/caller.go:467.101,471.9 2 0
envoy-wasm-graphql-federation/pkg/caller/caller.go:472.36,474.23 2 0
envoy-wasm-graphql-federation/pkg/caller/caller.go:476.28,478.18 2 0
envoy-wasm-graphql-federation/pkg/caller/caller.go:480.29,482.94 2 0
envoy-wasm-graphql-federation/pkg/caller/caller.go:487.39,492.9 3 0
envoy-wasm-graphql-federation/pkg/caller/caller.go:493.24,493.24 0 0
envoy-wasm-graphql-federation/pkg/caller/caller.go:494.10,495.24 1 0
envoy-wasm-graphql-federation/pkg/caller/caller.go:498.2,498.9 1 0
envoy-wasm-graphql-federation/pkg/caller/caller.go:499.21,499.21 0 0
envoy-wasm-graphql-federation/pkg/caller/caller.go:500.10,501.21 1 0
envoy-wasm-graphql-federation/pkg/caller/caller.go:504.2,504.76 1 0
envoy-wasm-graphql-federation/pkg/caller/caller.go:508.38,510.2 1 1
envoy-wasm-graphql-federation/pkg/caller/caller.go:513.59,518.2 3 1
envoy-wasm-graphql-federation/pkg/caller/caller.go:521.50,530.2 1 1
envoy-wasm-graphql-federation/pkg/caller/caller.go:533.72,534.55 1 0
envoy-wasm-graphql-federation/pkg/caller/caller.go:534.55,545.3 2 0
envoy-wasm-graphql-federation/pkg/caller/caller.go:546.2,546.12 1 0
envoy-wasm-graphql-federation/pkg/caller/caller.go:550.41,551.56 1 1
envoy-wasm-graphql-federation/pkg/caller/caller.go:551.56,554.3 2 1
envoy-wasm-graphql-federation/pkg/config/manager.go:108.78,112.2 1 1
envoy-wasm-graphql-federation/pkg/config/manager.go:123.92,136.28 2 1
envoy-wasm-graphql-federation/pkg/config/manager.go:136.28,138.3 1 1
envoy-wasm-graphql-federation/pkg/config/manager.go:141.2,141.33 1 1
envoy-wasm-graphql-federation/pkg/config/manager.go:141.33,143.3 1 1
envoy-wasm-graphql-federation/pkg/config/manager.go:145.2,145.10 1 1
envoy-wasm-graphql-federation/pkg/config/manager.go:149.86,150.20 1 1
envoy-wasm-graphql-federation/pkg/config/manager.go:150.20,152.3 1 1
envoy-wasm-graphql-federation/pkg/config/manager.go:154.2,159.61 4 1
envoy-wasm-graphql-federation/pkg/config/manager.go:159.61,161.3 1 0
envoy-wasm-graphql-federation/pkg/config/manager.go:164.2,167.61 2 1
envoy-wasm-graphql-federation/pkg/config/manager.go:167.61,170.3 2 1
envoy-wasm-graphql-federation/pkg/config/manager.go:173.2,179.22 5 1
envoy-wasm-graphql-federation/pkg/config/manager.go:179.22,181.34 2 1
envoy-wasm-graphql-federation/pkg/config/manager.go:181.34,183.4 1 1
envoy-wasm-graphql-federation/pkg/config/manager.go:186.3,186.78 1 1
envoy-wasm-graphql-federation/pkg/config/manager.go:186.78,188.4 1 0
envoy-wasm-graphql-federation/pkg/config/manager.go:192.2,213.24 12 1
envoy-wasm-graphql-federation/pkg/config/manager.go:217.82,219.2 1 0
envoy-wasm-graphql-federation/pkg/config/manager.go:222.90,229.41 4 1
envoy-wasm-graphql-federation/pkg/config/manager.go:229.41,232.3 2 1
envoy-wasm-graphql-federation/pkg/config/manager.go:235.2,238.32 3 1
envoy-wasm-graphql-federation/pkg/config/manager.go:238.32,239.36 1 1
envoy-wasm-graphql-federation/pkg/config/manager.go:239.36,241.4 1 1
envoy-wasm-graphql-federation/pkg/config/manager.go:241.9,241.45 1 0
envoy-wasm-graphql-federation/pkg/config/manager.go:241.45,243.4 1 0
envoy-wasm-graphql-federation/pkg/config/manager.go:247.2,247.35 1 1
envoy-wasm-graphql-federation/pkg/config/manager.go:247.35,253.3 1 0
envoy-wasm-graphql-federation/pkg/config/manager.go:256.2,256.29 1 1
envoy-wasm-graphql-federation/pkg/config/manager.go:256.29,259.31 3 1
envoy-wasm-graphql-federation/pkg/config/manager.go:259.31,261.4 1 1
envoy-wasm-graphql-federation/pkg/config/manager.go:264.3,264.69 1 1
envoy-wasm-graphql-federation/pkg/config/manager.go:267.2,272.12 2 1
envoy-wasm-graphql-federation/pkg/config/manager.go:276.104,277.22 1 1
envoy-wasm-graphql-federation/pkg/config/manager.go:277.22,284.3 1 1
envoy-wasm-graphql-federation/pkg/config/manager.go:286.2,289.45 2 0
envoy-wasm-graphql-federation/pkg/config/manager.go:289.45,292.3 2 0
envoy-wasm-graphql-federation/pkg/config/manager.go:294.2,294.19 1 0
envoy-wasm-graphql-federation/pkg/config/manager.go:298.124,300.43 1 1
envoy-wasm-graphql-federation/pkg/config/manager.go:300.43,301.70 1 0
envoy-wasm-graphql-federation/pkg/config/manager.go:301.70,307.4 2 0
envoy-wasm-graphql-federation/pkg/config/manager.go:310.2,310.12 1 1
envoy-wasm-graphql-federation/pkg/config/manager.go:314.90,318.2 2 1
envoy-wasm-graphql-federation/pkg/config/manager.go:321.75,326.36 3 1
envoy-wasm-graphql-federation/pkg/config/manager.go:326.36,328.3 1 1
envoy-wasm-graphql-federation/pkg/config/manager.go:330.2,330.42 1 1
envoy-wasm-graphql-federation/pkg/config/manager.go:330.42,331.66 1 1
envoy-wasm-graphql-federation/pkg/config/manager.go:331.66,333.4 1 1
envoy-wasm-graphql-federation/pkg/config/manager.go:338.67,339.32 1 1
envoy-wasm-graphql-federation/pkg/config/manager.go:339.32,341.3 1 1
envoy-wasm-graphql-federation/pkg/config/manager.go:341.8,344.3 1 0
envoy-wasm-graphql-federation/pkg/config/manager.go:348.59,352.2 3 0
envoy-wasm-graphql-federation/pkg/config/manager.go:355.62,359.2 3 0
envoy-wasm-graphql-federation/pkg/config/manager.go:362.59,366.2 3 0
envoy-wasm-graphql-federation/pkg/config/manager.go:369.39,373.2 3 0
envoy-wasm-graphql-federation/pkg/config/manager.go:376.45,380.2 3 0
envoy-wasm-graphql-federation/pkg/config/manager.go:383.46,389.34 4 0
envoy-wasm-graphql-federation/pkg/config/manager.go:389.34,391.45 2 0
envoy-wasm-graphql-federation/pkg/config/manager.go:391.45,393.4 1 0
envoy-wasm-graphql-federation/pkg/config/manager.go:394.3,394.37 1 0
envoy-wasm-graphql-federation/pkg/config/manager.go:397.2,397.16 1 0
envoy-wasm-graphql-federation/pkg/config/manager.go:401.82,402.19 1 0
envoy-wasm-graphql-federation/pkg/config/manager.go:402.19,404.3 1 0
envoy-wasm-graphql-federation/pkg/config/manager.go:407.2,407.31 1 0
envoy-wasm-graphql-federation/pkg/config/manager.go:407.31,409.3 1 0
envoy-wasm-graphql-federation/pkg/config/manager.go:411.2,412.42 2 0
envoy-wasm-graphql-federation/pkg/config/manager.go:412.42,413.62 1 0
envoy-wasm-graphql-federation/pkg/config/manager.go:413.62,415.4 1 0
envoy-wasm-graphql-federation/pkg/config/manager.go:418.3,418.33 1 0
envoy-wasm-graphql-federation/pkg/config/manager.go:418.33,420.4 1 0
envoy-wasm-graphql-federation/pkg/config/manager.go:421.3,421.36 1 0
envoy-wasm-graphql-federation/pkg/config/manager.go:425.2,425.55 1 0
envoy-wasm-graphql-federation/pkg/config/manager.go:425.55,427.3 1 0
envoy-wasm-graphql-federation/pkg/config/manager.go:429.2,430.12 2 0
envoy-wasm-graphql-federation/pkg/config/manager.go:434.51,438.16 3 0
envoy-wasm-graphql-federation/pkg/config/manager.go:438.16,440.3 1 0
envoy-wasm-graphql-federation/pkg/config/manager.go:443.2,444.22 2 0
envoy-wasm-graphql-federation/pkg/config/manager.go:444.22,446.34 2 0
envoy-wasm-graphql-federation/pkg/config/manager.go:446.34,448.4 1 0
envoy-wasm-graphql-federation/pkg/config/manager.go:451.2,453.12 3 0
envoy-wasm-graphql-federation/pkg/config/manager.go:457.96,458.21 1 0
envoy-wasm-graphql-federation/pkg/config/manager.go:458.21,460.3 1 0
envoy-wasm-graphql-federation/pkg/config/manager.go:462.2,462.44 1 0
envoy-wasm-graphql-federation/pkg/config/manager.go:462.44,463.34 1 0
envoy-wasm-graphql-federation/pkg/config/manager.go:463.34,465.4 1 0
envoy-wasm-graphql-federation/pkg/config/manager.go:468.2,468.57 1 0
envoy-wasm-graphql-federation/pkg/config/manager.go:472.73,474.31 1 1
envoy-wasm-graphql-federation/pkg/config/manager.go:474.31,476.3 1 1
envoy-wasm-graphql-federation/pkg/config/manager.go:478.2,478.30 1 1
envoy-wasm-graphql-federation/pkg/config/manager.go:478.30,480.3 1 1
envoy-wasm-graphql-federation/pkg/config/manager.go:483.2,483.33 1 1
envoy-wasm-graphql-federation/pkg/config/manager.go:483.33,486.27 2 1
envoy-wasm-graphql-federation/pkg/config/manager.go:486.27,488.4 1 1
envoy-wasm-graphql-federation/pkg/config/manager.go:490.3,490.26 1 1
envoy-wasm-graphql-federation/pkg/config/manager.go:490.26,492.4 1 1
envoy-wasm-graphql-federation/pkg/config/manager.go:494.3,494.29 1 1
envoy-wasm-graphql-federation/pkg/config/manager.go:494.29,496.4 1 1
envoy-wasm-graphql-federation/pkg/config/manager.go:499.3,499.33 1 1
envoy-wasm-graphql-federation/pkg/config/manager.go:499.33,506.4 1 1
envoy-wasm-graphql-federation/pkg/config/manager.go:506.9,507.41 1 0
envoy-wasm-graphql-federation/pkg/config/manager.go:507.41,509.5 1 0
envoy-wasm-graphql-federation/pkg/config/manager.go:510.4,510.40 1 0
envoy-wasm-graphql-federation/pkg/config/manager.go:510.40,512.5 1 0
envoy-wasm-graphql-federation/pkg/config/manager.go:513.4,513.38 1 0
envoy-wasm-graphql-federation/pkg/config/manager.go:513.38,515.5 1 0
envoy-wasm-graphql-federation/pkg/config/manager.go:521.98,525.24 2 0
envoy-wasm-graphql-federation/pkg/config/manager.go:525.24,527.3 1 0
envoy-wasm-graphql-federation/pkg/config/manager.go:529.2,529.45 1 0
envoy-wasm-graphql-federation/pkg/config/manager.go:529.45,531.3 1 0
envoy-wasm-graphql-federation/pkg/config/manager.go:534.2,534.28 1 0
envoy-wasm-graphql-federation/pkg/config/manager.go:534.28,536.3 1 0
envoy-wasm-graphql-federation/pkg/config/manager.go:538.2,538.41 1 0
envoy-wasm-graphql-federation/pkg/config/manager.go:538.41,540.3 1 0
envoy-wasm-graphql-federation/pkg/config/manager.go:543.2,543.45 1 0
envoy-wasm-graphql-federation/pkg/config/manager.go:543.45,545.3 1 0
envoy-wasm-graphql-federation/pkg/config/manager.go:548.2,548.24 1 0
envoy-wasm-graphql-federation/pkg/config/manager.go:548.24,550.3 1 0
envoy-wasm-graphql-federation/pkg/config/manager.go:553.2,553.25 1 0
envoy-wasm-graphql-federation/pkg/config/manager.go:553.25,555.3 1 0
envoy-wasm-graphql-federation/pkg/config/manager.go:558.2,558.32 1 0
envoy-wasm-graphql-federation/pkg/config/manager.go:558.32,559.82 1 0
envoy-wasm-graphql-federation/pkg/config/manager.go:559.82,561.4 1 0
envoy-wasm-graphql-federation/pkg/config/manager.go:564.2,564.12 1 0
envoy-wasm-graphql-federation/pkg/config/manager.go:568.99,569.21 1 0
envoy-wasm-graphql-federation/pkg/config/manager.go:569.21,571.3 1 0
envoy-wasm-graphql-federation/pkg/config/manager.go:573.2,573.20 1 0
envoy-wasm-graphql-federation/pkg/config/manager.go:573.20,575.3 1 0
envoy-wasm-graphql-federation/pkg/config/manager.go:577.2,577.30 1 0
envoy-wasm-graphql-federation/pkg/config/manager.go:577.30,579.3 1 0
envoy-wasm-graphql-federation/pkg/config/manager.go:581.2,581.12 1 0
envoy-wasm-graphql-federation/pkg/config/manager.go:585.88,587.30 1 0
envoy-wasm-graphql-federation/pkg/config/manager.go:587.30,589.3 1 0
envoy-wasm-graphql-federation/pkg/config/manager.go:591.2,591.32 1 0
envoy-wasm-graphql-federation/pkg/config/manager.go:591.32,593.3 1 0
envoy-wasm-graphql-federation/pkg/config/manager.go:596.2,596.29 1 0
envoy-wasm-graphql-federation/pkg/config/manager.go:596.29,598.3 1 0
envoy-wasm-graphql-federation/pkg/config/manager.go:600.2,600.41 1 0
envoy-wasm-graphql-federation/pkg/config/manager.go:600.41,602.3 1 0
envoy-wasm-graphql-federation/pkg/config/manager.go:604.2,604.12 1 0
envoy-wasm-graphql-federation/pkg/config/manager.go:608.94,611.16 2 0
envoy-wasm-graphql-federation/pkg/config/manager.go:611.16,614.3 2 0
envoy-wasm-graphql-federation/pkg/config/manager.go:617.2,617.48 1 0
envoy-wasm-graphql-federation/pkg/config/manager.go:617.48,619.3 1 0
envoy-wasm-graphql-federation/pkg/config/manager.go:621.2,621.44 1 0
envoy-wasm-graphql-federation/pkg/config/manager.go:621.44,623.3 1 0
envoy-wasm-graphql-federation/pkg/config/manager.go:625.2,625.44 1 0
envoy-wasm-graphql-federation/pkg/config/manager.go:625.44,627.3 1 0
envoy-wasm-graphql-federation/pkg/config/manager.go:629.2,629.42 1 0
envoy-wasm-graphql-federation/pkg/config/manager.go:629.42,631.3 1 0
envoy-wasm-graphql-federation/pkg/config/manager.go:634.2,635.30 2 0
envoy-wasm-graphql-federation/pkg/config/manager.go:635.30,638.3 2 0
envoy-wasm-graphql-federation/pkg/config/manager.go:640.2,641.30 2 0
envoy-wasm-graphql-federation/pkg/config/manager.go:641.30,644.3 2 0
envoy-wasm-graphql-federation/pkg/config/manager.go:647.2,647.32 1 0
envoy-wasm-graphql-federation/pkg/config/manager.go:647.32,648.46 1 0
envoy-wasm-graphql-federation/pkg/config/manager.go:648.46,650.4 1 0
envoy-wasm-graphql-federation/pkg/config/manager.go:653.2,653.32 1 0
envoy-wasm-graphql-federation/pkg/config/manager.go:653.32,654.46 1 0
envoy-wasm-graphql-federation/pkg/config/manager.go:654.46,656.4 1 0
envoy-wasm-graphql-federation/pkg/config/manager.go:660.2,660.44 1 0
envoy-wasm-graphql-federation/pkg/config/manager.go:660.44,661.54 1 0
envoy-wasm-graphql-federation/pkg/config/manager.go:661.54,663.42 2 0
envoy-wasm-graphql-federation/pkg/config/manager.go:663.42,665.5 1 0
envoy-wasm-graphql-federation/pkg/config/manager.go:669.2,669.16 1 0
envoy-wasm-graphql-federation/pkg/config/manager.go:673.91,676.34 2 0
envoy-wasm-graphql-federation/pkg/config/manager.go:676.34,678.3 1 0
envoy-wasm-graphql-federation/pkg/config/manager.go:680.2,680.30 1 0
envoy-wasm-graphql-federation/pkg/config/manager.go:680.30,682.3 1 0
envoy-wasm-graphql-federation/pkg/config/manager.go:684.2,684.30 1 0
envoy-wasm-graphql-federation/pkg/config/manager.go:684.30,686.3 1 0
envoy-wasm-graphql-federation/pkg/config/manager.go:688.2,688.32 1 0
envoy-wasm-graphql-federation/pkg/config/manager.go:688.32,690.3 1 0
envoy-wasm-graphql-federation/pkg/config/manager.go:693.2,693.58 1 0
envoy-wasm-graphql-federation/pkg/config/manager.go:693.58,695.3 1 0
envoy-wasm-graphql-federation/pkg/config/manager.go:695.8,695.61 1 0
envoy-wasm-graphql-federation/pkg/config/manager.go:695.61,699.49 1 0
envoy-wasm-graphql-federation/pkg/config/manager.go:699.49,701.4 1 0
envoy-wasm-graphql-federation/pkg/config/manager.go:704.2,704.16 1 0
envoy-wasm-graphql-federation/pkg/config/manager.go:708.65,710.2 1 0
envoy-wasm-graphql-federation/pkg/config/manager.go:713.65,717.21 3 0
envoy-wasm-graphql-federation/pkg/config/manager.go:717.21,719.3 1 0
envoy-wasm-graphql-federation/pkg/config/manager.go:720.2,720.26 1 0
envoy-wasm-graphql-federation/pkg/config/manager.go:727.44,729.2 1 1
envoy-wasm-graphql-federation/pkg/config/manager.go:732.97,736.31 2 1
envoy-wasm-graphql-federation/pkg/config/manager.go:736.31,743.3 1 1
envoy-wasm-graphql-federation/pkg/config/manager.go:746.2,746.30 1 1
envoy-wasm-graphql-federation/pkg/config/manager.go:746.30,754.3 1 0
envoy-wasm-graphql-federation/pkg/config/manager.go:757.2,757.31 1 1
envoy-wasm-graphql-federation/pkg/config/manager.go:757.31,765.3 1 0
envoy-wasm-graphql-federation/pkg/config/manager.go:768.2,769.42 2 1
envoy-wasm-graphql-federation/pkg/config/manager.go:769.42,773.25 2 1
envoy-wasm-graphql-federation/pkg/config/manager.go:773.25,780.4 1 0
envoy-wasm-graphql-federation/pkg/config/manager.go:780.9,780.40 1 1
envoy-wasm-graphql-federation/pkg/config/manager.go:780.40,787.4 1 0
envoy-wasm-graphql-federation/pkg/config/manager.go:787.9,789.4 1 1
envoy-wasm-graphql-federation/pkg/config/manager.go:792.3,792.29 1 1
envoy-wasm-graphql-federation/pkg/config/manager.go:792.29,799.4 1 0
envoy-wasm-graphql-federation/pkg/config/manager.go:799.9,799.49 1 1
envoy-wasm-graphql-federation/pkg/config/manager.go:799.49,806.4 1 0
envoy-wasm-graphql-federation/pkg/config/manager.go:809.3,809.27 1 1
envoy-wasm-graphql-federation/pkg/config/manager.go:809.27,817.4 1 0
envoy-wasm-graphql-federation/pkg/config/manager.go:820.3,820.26 1 1
envoy-wasm-graphql-federation/pkg/config/manager.go:820.26,828.4 1 0
envoy-wasm-graphql-federation/pkg/config/manager.go:831.2,831.15 1 1
envoy-wasm-graphql-federation/pkg/config/manager.go:835.45,837.2 1 0
envoy-wasm-graphql-federation/pkg/config/manager.go:843.48,845.2 1 1
envoy-wasm-graphql-federation/pkg/config/manager.go:848.118,851.22 2 0
envoy-wasm-graphql-federation/pkg/config/manager.go:851.22,853.3 1 0
envoy-wasm-graphql-federation/pkg/config/manager.go:856.2,856.60 1 0
envoy-wasm-graphql-federation/pkg/config/manager.go:856.60,864.3 1 0
envoy-wasm-graphql-federation/pkg/config/manager.go:866.2,866.56 1 0
envoy-wasm-graphql-federation/pkg/config/manager.go:866.56,874.3 1 0
envoy-wasm-graphql-federation/pkg/config/manager.go:876.2,876.56 1 0
envoy-wasm-graphql-federation/pkg/config/manager.go:876.56,884.3 1 0
envoy-wasm-graphql-federation/pkg/config/manager.go:886.2,886.54 1 0
envoy-wasm-graphql-federation/pkg/config/manager.go:886.54,894.3 1 0
envoy-wasm-graphql-federation/pkg/config/manager.go:897.2,898.45 2 0
envoy-wasm-graphql-federation/pkg/config/manager.go:898.45,900.3 1 0
envoy-wasm-graphql-federation/pkg/config/manager.go:902.2,903.45 2 0
envoy-wasm-graphql-federation/pkg/config/manager.go:903.45,905.3 1 0
envoy-wasm-graphql-federation/pkg/config/manager.go:908.2,908.41 1 0
envoy-wasm-graphql-federation/pkg/config/manager.go:908.41,909.46 1 0
envoy-wasm-graphql-federation/pkg/config/manager.go:909.46,916.4 1 0
envoy-wasm-graphql-federation/pkg/config/manager.go:920.2,920.41 1 0
envoy-wasm-graphql-federation/pkg/config/manager.go:920.41,921.46 1 0
envoy-wasm-graphql-federation/pkg/config/manager.go:921.46,928.4 1 0
envoy-wasm-graphql-federation/pkg/config/manager.go:932.2,932.44 1 0
envoy-wasm-graphql-federation/pkg/config/manager.go:932.44,933.54 1 0
envoy-wasm-graphql-federation/pkg/config/manager.go:933.54,936.4 2 0
envoy-wasm-graphql-federation/pkg/config/manager.go:939.2,939.16 1 0
envoy-wasm-graphql-federation/pkg/config/manager.go:943.131,947.48 3 0
envoy-wasm-graphql-federation/pkg/config/manager.go:947.48,955.3 1 0
envoy-wasm-graphql-federation/pkg/config/manager.go:957.2,957.44 1 0
envoy-wasm-graphql-federation/pkg/config/manager.go:957.44,965.3 1 0
envoy-wasm-graphql-federation/pkg/config/manager.go:967.2,967.44 1 0
envoy-wasm-graphql-federation/pkg/config/manager.go:967.44,975.3 1 0
envoy-wasm-graphql-federation/pkg/config/manager.go:977.2,977.46 1 0
envoy-wasm-graphql-federation/pkg/config/manager.go:977.46,985.3 1 0
envoy-wasm-graphql-federation/pkg/config/manager.go:987.2,987.16 1 0
envoy-wasm-graphql-federation/pkg/config/manager.go:991.50,993.2 1 0
envoy-wasm-graphql-federation/pkg/config/manager.go:996.61,998.16 2 0
envoy-wasm-graphql-federation/pkg/config/manager.go:998.16,1000.3 1 0
envoy-wasm-graphql-federation/pkg/config/manager.go:1004.2,1004.25 1 0
envoy-wasm-graphql-federation/pkg/config/manager.go:1004.25,1006.3 1 0
envoy-wasm-graphql-federation/pkg/config/manager.go:1009.2,1009.28 1 0
envoy-wasm-graphql-federation/pkg/config/manager.go:1009.28,1011.3 1 0
envoy-wasm-graphql-federation/pkg/config/manager.go:1014.2,1014.26 1 0
envoy-wasm-graphql-federation/pkg/config/manager.go:1014.26,1016.3 1 0
envoy-wasm-graphql-federation/pkg/config/manager.go:1019.2,1022.21 3 0
envoy-wasm-graphql-federation/pkg/config/manager.go:1022.21,1024.59 1 0
envoy-wasm-graphql-federation/pkg/config/manager.go:1024.59,1025.38 1 0
envoy-wasm-graphql-federation/pkg/config/manager.go:1025.38,1027.5 1 0
envoy-wasm-graphql-federation/pkg/config/manager.go:1032.2,1032.42 1 0
envoy-wasm-graphql-federation/pkg/config/manager.go:1036.50,1040.2 1 0
envoy-wasm-graphql-federation/pkg/config/manager.go:1043.63,1047.2 1 0
envoy-wasm-graphql-federation/pkg/config/manager.go:1050.60,1052.16 2 0
envoy-wasm-graphql-federation/pkg/config/manager.go:1052.16,1054.3 1 0
envoy-wasm-graphql-federation/pkg/config/manager.go:1055.2,1055.23 1 0
envoy-wasm-graphql-federation/pkg/config/manager.go:1059.71,1061.16 2 0
envoy-wasm-graphql-federation/pkg/config/manager.go:1061.16,1063.3 1 0
envoy-wasm-graphql-federation/pkg/config/manager.go:1064.2,1064.24 1 0
envoy-wasm-graphql-federation/pkg/jsonutil/jsonutil.go:15.45,17.16 2 1
envoy-wasm-graphql-federation/pkg/jsonutil/jsonutil.go:17.16,19.3 1 0
envoy-wasm-graphql-federation/pkg/jsonutil/jsonutil.go:20.2,20.29 1 1
envoy-wasm-graphql-federation/pkg/jsonutil/jsonutil.go:24.51,26.2 1 1
envoy-wasm-graphql-federation/pkg/jsonutil/jsonutil.go:29.50,31.2 1 1
envoy-wasm-graphql-federation/pkg/jsonutil/jsonutil.go:34.59,36.46 2 1
envoy-wasm-graphql-federation/pkg/jsonutil/jsonutil.go:36.46,38.3 1 1
envoy-wasm-graphql-federation/pkg/jsonutil/jsonutil.go:40.2,41.42 2 1
envoy-wasm-graphql-federation/pkg/jsonutil/jsonutil.go:44.61,45.16 1 1
envoy-wasm-graphql-federation/pkg/jsonutil/jsonutil.go:45.16,47.3 1 0
envoy-wasm-graphql-federation/pkg/jsonutil/jsonutil.go:49.2,49.14 1 1
envoy-wasm-graphql-federation/pkg/jsonutil/jsonutil.go:49.14,51.3 1 1
envoy-wasm-graphql-federation/pkg/jsonutil/jsonutil.go:53.2,56.20 3 1
envoy-wasm-graphql-federation/pkg/jsonutil/jsonutil.go:57.22,58.62 1 1
envoy-wasm-graphql-federation/pkg/jsonutil/jsonutil.go:60.78,61.46 1 1
envoy-wasm-graphql-federation/pkg/jsonutil/jsonutil.go:61.46,64.4 1 1
envoy-wasm-graphql-federation/pkg/jsonutil/jsonutil.go:65.3,65.47 1 1
envoy-wasm-graphql-federation/pkg/jsonutil/jsonutil.go:67.83,68.49 1 1
envoy-wasm-graphql-federation/pkg/jsonutil/jsonutil.go:70.40,71.60 1 1
envoy-wasm-graphql-federation/pkg/jsonutil/jsonutil.go:73.20,74.17 1 1
envoy-wasm-graphql-federation/pkg/jsonutil/jsonutil.go:74.17,76.4 1 1
envoy-wasm-graphql-federation/pkg/jsonutil/jsonutil.go:77.3,77.22 1 1
envoy-wasm-graphql-federation/pkg/jsonutil/jsonutil.go:79.36,80.36 1 1
envoy-wasm-graphql-federation/pkg/jsonutil/jsonutil.go:82.19,83.34 1 1
envoy-wasm-graphql-federation/pkg/jsonutil/jsonutil.go:85.22,86.37 1 1
envoy-wasm-graphql-federation/pkg/jsonutil/jsonutil.go:88.19,89.18 1 1
envoy-wasm-graphql-federation/pkg/jsonutil/jsonutil.go:89.18,91.4 1 1
envoy-wasm-graphql-federation/pkg/jsonutil/jsonutil.go:92.3,92.53 1 1
envoy-wasm-graphql-federation/pkg/jsonutil/jsonutil.go:94.25,95.18 1 0
envoy-wasm-graphql-federation/pkg/jsonutil/jsonutil.go:95.18,97.4 1 0
envoy-wasm-graphql-federation/pkg/jsonutil/jsonutil.go:98.3,98.53 1 0
envoy-wasm-graphql-federation/pkg/jsonutil/jsonutil.go:100.10,101.60 1 0
envoy-wasm-graphql-federation/pkg/jsonutil/jsonutil.go:105.65,106.17 1 1
envoy-wasm-graphql-federation/pkg/jsonutil/jsonutil.go:106.17,108.3 1 1
envoy-wasm-graphql-federation/pkg/jsonutil/jsonutil.go:110.2,111.33 2 1
envoy-wasm-graphql-federation/pkg/jsonutil/jsonutil.go:111.33,114.17 3 1
envoy-wasm-graphql-federation/pkg/jsonutil/jsonutil.go:114.17,116.4 1 0
envoy-wasm-graphql-federation/pkg/jsonutil/jsonutil.go:118.3,120.18 3 1
envoy-wasm-graphql-federation/pkg/jsonutil/jsonutil.go:120.18,122.4 1 0
envoy-wasm-graphql-federation/pkg/jsonutil/jsonutil.go:125.2,125.20 1 1
envoy-wasm-graphql-federation/pkg/jsonutil/jsonutil.go:128.63,129.17 1 1
envoy-wasm-graphql-federation/pkg/jsonutil/jsonutil.go:129.17,131.3 1 0
envoy-wasm-graphql-federation/pkg/jsonutil/jsonutil.go:133.2,134.36 2 1
envoy-wasm-graphql-federation/pkg/jsonutil/jsonutil.go:134.36,139.17 4 1
envoy-wasm-graphql-federation/pkg/jsonutil/jsonutil.go:139.17,141.4 1 0
envoy-wasm-graphql-federation/pkg/jsonutil/jsonutil.go:143.3,145.18 3 1
envoy-wasm-graphql-federation/pkg/jsonutil/jsonutil.go:145.18,147.4 1 0
envoy-wasm-graphql-federation/pkg/jsonutil/jsonutil.go:150.2,150.20 1 1
envoy-wasm-graphql-federation/pkg/jsonutil/jsonutil.go:153.66,157.38 3 1
envoy-wasm-graphql-federation/pkg/jsonutil/jsonutil.go:157.38,162.28 3 1
envoy-wasm-graphql-federation/pkg/jsonutil/jsonutil.go:162.28,163.12 1 0
envoy-wasm-graphql-federation/pkg/jsonutil/jsonutil.go:167.3,168.17 2 1
envoy-wasm-graphql-federation/pkg/jsonutil/jsonutil.go:168.17,169.12 1 0
envoy-wasm-graphql-federation/pkg/jsonutil/jsonutil.go:172.3,175.16 3 1
envoy-wasm-graphql-federation/pkg/jsonutil/jsonutil.go:175.16,177.22 2 1
envoy-wasm-graphql-federation/pkg/jsonutil/jsonutil.go:177.22,179.5 1 1
envoy-wasm-graphql-federation/pkg/jsonutil/jsonutil.go:180.4,180.35 1 1
envoy-wasm-graphql-federation/pkg/jsonutil/jsonutil.go:180.35,181.28 1 1
envoy-wasm-graphql-federation/pkg/jsonutil/jsonutil.go:181.28,183.6 1 1
envoy-wasm-graphql-federation/pkg/jsonutil/jsonutil.go:188.3,188.39 1 1
envoy-wasm-graphql-federation/pkg/jsonutil/jsonutil.go:188.39,189.12 1 1
envoy-wasm-graphql-federation/pkg/jsonutil/jsonutil.go:193.3,193.57 1 1
envoy-wasm-graphql-federation/pkg/jsonutil/jsonutil.go:193.57,197.18 4 0
envoy-wasm-graphql-federation/pkg/jsonutil/jsonutil.go:197.18,199.5 1 0
envoy-wasm-graphql-federation/pkg/jsonutil/jsonutil.go:200.4,200.12 1 0
envoy-wasm-graphql-federation/pkg/jsonutil/jsonutil.go:204.3,205.17 2 1
envoy-wasm-graphql-federation/pkg/jsonutil/jsonutil.go:205.17,207.4 1 0
envoy-wasm-graphql-federation/pkg/jsonutil/jsonutil.go:209.3,211.18 3 1
envoy-wasm-graphql-federation/pkg/jsonutil/jsonutil.go:211.18,213.4 1 0
envoy-wasm-graphql-federation/pkg/jsonutil/jsonutil.go:216.2,216.20 1 1
envoy-wasm-graphql-federation/pkg/jsonutil/jsonutil.go:219.75,221.16 2 1
envoy-wasm-graphql-federation/pkg/jsonutil/jsonutil.go:221.16,223.3 1 1
envoy-wasm-graphql-federation/pkg/jsonutil/jsonutil.go:223.8,225.3 1 0
envoy-wasm-graphql-federation/pkg/jsonutil/jsonutil.go:227.2,227.36 1 1
envoy-wasm-graphql-federation/pkg/jsonutil/jsonutil.go:227.36,229.3 1 0
envoy-wasm-graphql-federation/pkg/jsonutil/jsonutil.go:231.2,231.20 1 1
envoy-wasm-graphql-federation/pkg/jsonutil/jsonutil.go:232.22,233.34 1 1
envoy-wasm-graphql-federation/pkg/jsonutil/jsonutil.go:233.34,235.4 1 1
envoy-wasm-graphql-federation/pkg/jsonutil/jsonutil.go:235.9,235.39 1 0
envoy-wasm-graphql-federation/pkg/jsonutil/jsonutil.go:235.39,237.4 1 0
envoy-wasm-graphql-federation/pkg/jsonutil/jsonutil.go:237.9,239.4 1 0
envoy-wasm-graphql-federation/pkg/jsonutil/jsonutil.go:241.78,242.53 1 1
envoy-wasm-graphql-federation/pkg/jsonutil/jsonutil.go:242.53,244.35 1 0
envoy-wasm-graphql-federation/pkg/jsonutil/jsonutil.go:244.35,246.5 1 0
envoy-wasm-graphql-federation/pkg/jsonutil/jsonutil.go:247.9,248.35 1 1
envoy-wasm-graphql-federation/pkg/jsonutil/jsonutil.go:248.35,250.5 1 1
envoy-wasm-graphql-federation/pkg/jsonutil/jsonutil.go:253.83,254.34 1 0
envoy-wasm-graphql-federation/pkg/jsonutil/jsonutil.go:254.34,256.4 1 0
envoy-wasm-graphql-federation/pkg/jsonutil/jsonutil.go:258.40,259.34 1 0
envoy-wasm-graphql-federation/pkg/jsonutil/jsonutil.go:259.34,261.4 1 0
envoy-wasm-graphql-federation/pkg/jsonutil/jsonutil.go:263.20,264.32 1 1
envoy-wasm-graphql-federation/pkg/jsonutil/jsonutil.go:264.32,266.4 1 1
envoy-wasm-graphql-federation/pkg/jsonutil/jsonutil.go:266.9,266.40 1 0
envoy-wasm-graphql-federation/pkg/jsonutil/jsonutil.go:266.40,268.4 1 0
envoy-wasm-graphql-federation/pkg/jsonutil/jsonutil.go:270.21,271.37 1 1
envoy-wasm-graphql-federation/pkg/jsonutil/jsonutil.go:273.19,274.35 1 1
envoy-wasm-graphql-federation/pkg/jsonutil/jsonutil.go:276.22,277.38 1 1
envoy-wasm-graphql-federation/pkg/jsonutil/jsonutil.go:279.19,280.32 1 0
envoy-wasm-graphql-federation/pkg/jsonutil/jsonutil.go:280.32,283.4 2 0
envoy-wasm-graphql-federation/pkg/jsonutil/jsonutil.go:286.3,287.69 2 0
envoy-wasm-graphql-federation/pkg/jsonutil/jsonutil.go:287.69,289.4 1 0
envoy-wasm-graphql-federation/pkg/jsonutil/jsonutil.go:290.3,290.16 1 0
envoy-wasm-graphql-federation/pkg/jsonutil/jsonutil.go:292.25,293.41 1 0
envoy-wasm-graphql-federation/pkg/jsonutil/jsonutil.go:295.10,296.56 1 0
envoy-wasm-graphql-federation/pkg/jsonutil/jsonutil.go:299.2,299.12 1 1
envoy-wasm-graphql-federation/pkg/jsonutil/jsonutil.go:302.67,303.31 1 1
envoy-wasm-graphql-federation/pkg/jsonutil/jsonutil.go:303.31,306.3 2 0
envoy-wasm-graphql-federation/pkg/jsonutil/jsonutil.go:308.2,308.52 1 1
envoy-wasm-graphql-federation/pkg/jsonutil/jsonutil.go:308.52,310.3 1 0
envoy-wasm-graphql-federation/pkg/jsonutil/jsonutil.go:312.2,315.29 3 1
envoy-wasm-graphql-federation/pkg/jsonutil/jsonutil.go:315.29,316.70 1 1
envoy-wasm-graphql-federation/pkg/jsonutil/jsonutil.go:316.70,318.4 1 0
envoy-wasm-graphql-federation/pkg/jsonutil/jsonutil.go:321.2,322.12 2 1
envoy-wasm-graphql-federation/pkg/jsonutil/jsonutil.go:325.65,326.31 1 1
envoy-wasm-graphql-federation/pkg/jsonutil/jsonutil.go:326.31,329.3 2 0
envoy-wasm-graphql-federation/pkg/jsonutil/jsonutil.go:331.2,331.53 1 1
envoy-wasm-graphql-federation/pkg/jsonutil/jsonutil.go:331.53,333.3 1 0
envoy-wasm-graphql-federation/pkg/jsonutil/jsonutil.go:335.2,337.52 2 1
envoy-wasm-graphql-federation/pkg/jsonutil/jsonutil.go:337.52,342.61 3 1
envoy-wasm-graphql-federation/pkg/jsonutil/jsonutil.go:342.61,344.4 1 0
envoy-wasm-graphql-federation/pkg/jsonutil/jsonutil.go:347.3,347.65 1 1
envoy-wasm-graphql-federation/pkg/jsonutil/jsonutil.go:347.65,349.4 1 0
envoy-wasm-graphql-federation/pkg/jsonutil/jsonutil.go:351.3,352.14 2 1
envoy-wasm-graphql-federation/pkg/jsonutil/jsonutil.go:355.2,356.12 2 1
envoy-wasm-graphql-federation/pkg/jsonutil/jsonutil.go:359.68,360.31 1 1
envoy-wasm-graphql-federation/pkg/jsonutil/jsonutil.go:360.31,362.3 1 0
envoy-wasm-graphql-federation/pkg/jsonutil/jsonutil.go:364.2,364.53 1 1
envoy-wasm-graphql-federation/pkg/jsonutil/jsonutil.go:364.53,366.3 1 0
envoy-wasm-graphql-federation/pkg/jsonutil/jsonutil.go:368.2,370.38 2 1
envoy-wasm-graphql-federation/pkg/jsonutil/jsonutil.go:370.38,374.22 3 1
envoy-wasm-graphql-federation/pkg/jsonutil/jsonutil.go:374.22,375.12 1 0
envoy-wasm-graphql-federation/pkg/jsonutil/jsonutil.go:379.3,381.30 3 1
envoy-wasm-graphql-federation/pkg/jsonutil/jsonutil.go:381.30,383.22 2 1
envoy-wasm-graphql-federation/pkg/jsonutil/jsonutil.go:383.22,385.5 1 1
envoy-wasm-graphql-federation/pkg/jsonutil/jsonutil.go:389.3,390.28 2 1
envoy-wasm-graphql-federation/pkg/jsonutil/jsonutil.go:390.28,391.12 1 0
envoy-wasm-graphql-federation/pkg/jsonutil/jsonutil.go:394.3,394.68 1 1
envoy-wasm-graphql-federation/pkg/jsonutil/jsonutil.go:394.68,396.4 1 0
envoy-wasm-graphql-federation/pkg/jsonutil/jsonutil.go:399.2,399.12 1 1
envoy-wasm-graphql-federation/pkg/jsonutil/jsonutil.go:402.71,403.21 1 0
envoy-wasm-graphql-federation/pkg/jsonutil/jsonutil.go:404.20,405.44 1 0
envoy-wasm-graphql-federation/pkg/jsonutil/jsonutil.go:406.20,407.40 1 0
envoy-wasm-graphql-federation/pkg/jsonutil/jsonutil.go:407.40,409.4 1 0
envoy-wasm-graphql-federation/pkg/jsonutil/jsonutil.go:409.9,411.4 1 0
envoy-wasm-graphql-federation/pkg/jsonutil/jsonutil.go:412.18,413.33 1 0
envoy-wasm-graphql-federation/pkg/jsonutil/jsonutil.go:414.19,415.34 1 0
envoy-wasm-graphql-federation/pkg/jsonutil/jsonutil.go:416.18,417.36 1 0
envoy-wasm-graphql-federation/pkg/jsonutil/jsonutil.go:418.18,419.23 1 0
envoy-wasm-graphql-federation/pkg/jsonutil/jsonutil.go:419.23,421.40 2 0
envoy-wasm-graphql-federation/pkg/jsonutil/jsonutil.go:421.40,423.87 2 0
envoy-wasm-graphql-federation/pkg/jsonutil/jsonutil.go:423.87,425.6 1 0
envoy-wasm-graphql-federation/pkg/jsonutil/jsonutil.go:426.5,426.32 1 0
envoy-wasm-graphql-federation/pkg/jsonutil/jsonutil.go:428.4,428.35 1 0
envoy-wasm-graphql-federation/pkg/jsonutil/jsonutil.go:429.9,429.31 1 0
envoy-wasm-graphql-federation/pkg/jsonutil/jsonutil.go:429.31,431.54 2 0
envoy-wasm-graphql-federation/pkg/jsonutil/jsonutil.go:431.54,433.88 2 0
envoy-wasm-graphql-federation/pkg/jsonutil/jsonutil.go:433.88,435.6 1 0
envoy-wasm-graphql-federation/pkg/jsonutil/jsonutil.go:436.5,437.16 2 0
envoy-wasm-graphql-federation/pkg/jsonutil/jsonutil.go:439.4,439.36 1 0
envoy-wasm-graphql-federation/pkg/jsonutil/jsonutil.go:443.2,443.12 1 0
envoy-wasm-graphql-federation/pkg/jsonutil/jsonutil.go:448.41,449.18 1 1
envoy-wasm-graphql-federation/pkg/jsonutil/jsonutil.go:450.65,451.22 1 1
envoy-wasm-graphql-federation/pkg/jsonutil/jsonutil.go:452.20,453.19 1 1
envoy-wasm-graphql-federation/pkg/jsonutil/jsonutil.go:454.78,455.22 1 1
envoy-wasm-graphql-federation/pkg/jsonutil/jsonutil.go:456.100,457.23 1 0
envoy-wasm-graphql-federation/pkg/jsonutil/jsonutil.go:458.40,459.24 1 0
envoy-wasm-graphql-federation/pkg/jsonutil/jsonutil.go:460.38,461.19 1 0
envoy-wasm-graphql-federation/pkg/jsonutil/jsonutil.go:463.2,463.14 1 0
envoy-wasm-graphql-federation/pkg/jsonutil/jsonutil.go:466.36,473.2 6 1
envoy-wasm-graphql-federation/pkg/filter/http_filter.go:42.72,50.2 1 1
envoy-wasm-graphql-federation/pkg/filter/http_filter.go:53.99,63.41 3 0
envoy-wasm-graphql-federation/pkg/filter/http_filter.go:63.41,66.3 2 0
envoy-wasm-graphql-federation/pkg/filter/http_filter.go:69.2,69.22 1 0
envoy-wasm-graphql-federation/pkg/filter/http_filter.go:69.22,71.43 2 0
envoy-wasm-graphql-federation/pkg/filter/http_filter.go:71.43,74.4 2 0
envoy-wasm-graphql-federation/pkg/filter/http_filter.go:78.2,79.34 2 0
envoy-wasm-graphql-federation/pkg/filter/http_filter.go:79.34,82.3 1 0
envoy-wasm-graphql-federation/pkg/filter/http_filter.go:85.2,85.21 1 0
envoy-wasm-graphql-federation/pkg/filter/http_filter.go:85.21,86.48 1 0
envoy-wasm-graphql-federation/pkg/filter/http_filter.go:86.48,89.4 2 0
envoy-wasm-graphql-federation/pkg/filter/http_filter.go:92.3,92.37 1 0
envoy-wasm-graphql-federation/pkg/filter/http_filter.go:96.2,96.29 1 0
envoy-wasm-graphql-federation/pkg/filter/http_filter.go:100.94,101.18 1 0
envoy-wasm-graphql-federation/pkg/filter/http_filter.go:101.18,104.3 1 0
envoy-wasm-graphql-federation/pkg/filter/http_filter.go:107.2,108.16 2 0
envoy-wasm-graphql-federation/pkg/filter/http_filter.go:108.16,111.3 2 0
envoy-wasm-graphql-federation/pkg/filter/http_filter.go:113.2,116.50 2 0
envoy-wasm-graphql-federation/pkg/filter/http_filter.go:116.50,119.3 2 0
envoy-wasm-graphql-federation/pkg/filter/http_filter.go:122.2,122.36 1 0
envoy-wasm-graphql-federation/pkg/filter/http_filter.go:126.100,128.32 1 0
envoy-wasm-graphql-federation/pkg/filter/http_filter.go:128.32,130.3 1 0
envoy-wasm-graphql-federation/pkg/filter/http_filter.go:133.2,137.29 4 0
envoy-wasm-graphql-federation/pkg/filter/http_filter.go:141.95,143.32 1 0
envoy-wasm-graphql-federation/pkg/filter/http_filter.go:143.32,145.3 1 0
envoy-wasm-graphql-federation/pkg/filter/http_filter.go:147.2,147.18 1 0
envoy-wasm-graphql-federation/pkg/filter/http_filter.go:147.18,149.3 1 0
envoy-wasm-graphql-federation/pkg/filter/http_filter.go:152.2,153.16 2 0
envoy-wasm-graphql-federation/pkg/filter/http_filter.go:153.16,156.3 2 0
envoy-wasm-graphql-federation/pkg/filter/http_filter.go:158.2,158.72 1 0
envoy-wasm-graphql-federation/pkg/filter/http_filter.go:158.72,161.3 2 0
envoy-wasm-graphql-federation/pkg/filter/http_filter.go:163.2,163.29 1 0
envoy-wasm-graphql-federation/pkg/filter/http_filter.go:167.50,170.32 2 0
envoy-wasm-graphql-federation/pkg/filter/http_filter.go:170.32,176.3 1 0
envoy-wasm-graphql-federation/pkg/filter/http_filter.go:180.59,181.31 1 0
envoy-wasm-graphql-federation/pkg/filter/http_filter.go:181.31,183.3 1 0
envoy-wasm-graphql-federation/pkg/filter/http_filter.go:185.2,186.70 2 0
envoy-wasm-graphql-federation/pkg/filter/http_filter.go:186.70,188.3 1 0
envoy-wasm-graphql-federation/pkg/filter/http_filter.go:191.2,191.44 1 0
envoy-wasm-graphql-federation/pkg/filter/http_filter.go:191.44,193.3 1 0
envoy-wasm-graphql-federation/pkg/filter/http_filter.go:195.2,196.12 2 0
envoy-wasm-graphql-federation/pkg/filter/http_filter.go:200.56,203.22 2 0
envoy-wasm-graphql-federation/pkg/filter/http_filter.go:203.22,205.3 1 0
envoy-wasm-graphql-federation/pkg/filter/http_filter.go:207.2,212.76 2 0
envoy-wasm-graphql-federation/pkg/filter/http_filter.go:212.76,214.80 2 0
envoy-wasm-graphql-federation/pkg/filter/http_filter.go:214.80,216.4 1 0
envoy-wasm-graphql-federation/pkg/filter/http_filter.go:217.3,217.32 1 0
envoy-wasm-graphql-federation/pkg/filter/http_filter.go:221.2,221.78 1 0
envoy-wasm-graphql-federation/pkg/filter/http_filter.go:221.78,223.3 1 0
envoy-wasm-graphql-federation/pkg/filter/http_filter.go:225.2,226.12 2 0
envoy-wasm-graphql-federation/pkg/filter/http_filter.go:230.68,231.31 1 0
envoy-wasm-graphql-federation/pkg/filter/http_filter.go:231.31,233.3 1 0
envoy-wasm-graphql-federation/pkg/filter/http_filter.go:236.2,251.16 3 0
envoy-wasm-graphql-federation/pkg/filter/http_filter.go:251.16,255.54 2 0
envoy-wasm-graphql-federation/pkg/filter/http_filter.go:255.54,264.4 1 0
envoy-wasm-graphql-federation/pkg/filter/http_filter.go:264.9,275.4 1 0
envoy-wasm-graphql-federation/pkg/filter/http_filter.go:276.8,278.3 1 0
envoy-wasm-graphql-federation/pkg/filter/http_filter.go:281.2,281.26 1 0
envoy-wasm-graphql-federation/pkg/filter/http_filter.go:285.94,305.2 4 0
envoy-wasm-graphql-federation/pkg/filter/http_filter.go:309.57,312.2 2 0
envoy-wasm-graphql-federation/pkg/filter/http_filter.go:314.55,317.2 2 0
envoy-wasm-graphql-federation/pkg/filter/http_filter.go:319.68,322.2 2 0
envoy-wasm-graphql-federation/pkg/filter/http_filter.go:324.69,328.35 3 0
envoy-wasm-graphql-federation/pkg/filter/http_filter.go:328.35,330.3 1 0
envoy-wasm-graphql-federation/pkg/filter/http_filter.go:332.2,332.16 1 0
envoy-wasm-graphql-federation/pkg/filter/http_filter.go:335.65,337.46 2 0
envoy-wasm-graphql-federation/pkg/filter/http_filter.go:337.46,340.3 2 0
envoy-wasm-graphql-federation/pkg/filter/http_filter.go:341.2,341.11 1 0
envoy-wasm-graphql-federation/pkg/filter/http_filter.go:344.75,349.2 2 1
envoy-wasm-graphql-federation/pkg/filter/http_filter.go:351.67,353.46 1 1
envoy-wasm-graphql-federation/pkg/filter/http_filter.go:353.46,355.3 1 0
envoy-wasm-graphql-federation/pkg/filter/http_filter.go:358.2,361.39 1 1
envoy-wasm-graphql-federation/pkg/filter/root_context.go:29.59,33.2 1 0
envoy-wasm-graphql-federation/pkg/filter/root_context.go:36.82,41.16 3 0
envoy-wasm-graphql-federation/pkg/filter/root_context.go:41.16,44.3 2 0
envoy-wasm-graphql-federation/pkg/filter/root_context.go:46.2,48.32 2 0
envoy-wasm-graphql-federation/pkg/filter/root_context.go:52.94,57.16 3 0
envoy-wasm-graphql-federation/pkg/filter/root_context.go:57.16,60.3 2 0
envoy-wasm-graphql-federation/pkg/filter/root_context.go:63.2,63.60 1 0
envoy-wasm-graphql-federation/pkg/filter/root_context.go:63.60,66.3 2 0
envoy-wasm-graphql-federation/pkg/filter/root_context.go:69.2,69.51 1 0
envoy-wasm-graphql-federation/pkg/filter/root_context.go:69.51,72.3 2 0
envoy-wasm-graphql-federation/pkg/filter/root_context.go:74.2,81.36 3 0
envoy-wasm-graphql-federation/pkg/filter/root_context.go:85.76,86.22 1 0
envoy-wasm-graphql-federation/pkg/filter/root_context.go:86.22,89.3 2 0
envoy-wasm-graphql-federation/pkg/filter/root_context.go:91.2,91.34 1 0
envoy-wasm-graphql-federation/pkg/filter/root_context.go:95.74,98.2 1 0
envoy-wasm-graphql-federation/pkg/filter/root_context.go:101.34,102.22 1 0
envoy-wasm-graphql-federation/pkg/filter/root_context.go:102.22,104.3 1 0
envoy-wasm-graphql-federation/pkg/filter/root_context.go:107.2,109.22 3 0
envoy-wasm-graphql-federation/pkg/filter/root_context.go:113.45,117.27 2 0
envoy-wasm-graphql-federation/pkg/filter/root_context.go:117.27,118.51 1 0
envoy-wasm-graphql-federation/pkg/filter/root_context.go:118.51,120.4 1 0
envoy-wasm-graphql-federation/pkg/filter/root_context.go:121.3,121.23 1 0
envoy-wasm-graphql-federation/pkg/filter/root_context.go:124.2,127.13 3 0
envoy-wasm-graphql-federation/pkg/filter/root_context.go:131.54,133.2 1 0
envoy-wasm-graphql-federation/pkg/filter/root_context.go:136.68,137.26 1 0
envoy-wasm-graphql-federation/pkg/filter/root_context.go:137.26,139.3 1 0
envoy-wasm-graphql-federation/pkg/filter/root_context.go:141.2,145.73 3 0
envoy-wasm-graphql-federation/pkg/filter/root_context.go:145.73,147.3 1 0
envoy-wasm-graphql-federation/pkg/filter/root_context.go:150.2,151.71 2 0
envoy-wasm-graphql-federation/pkg/filter/root_context.go:151.71,153.3 1 0
envoy-wasm-graphql-federation/pkg/filter/root_context.go:156.2,165.12 4 0
envoy-wasm-graphql-federation/pkg/filter/root_context.go:169.85,170.31 1 0
envoy-wasm-graphql-federation/pkg/filter/root_context.go:170.31,172.3 1 0
envoy-wasm-graphql-federation/pkg/filter/root_context.go:174.2,174.30 1 0
envoy-wasm-graphql-federation/pkg/filter/root_context.go:174.30,176.3 1 0
envoy-wasm-graphql-federation/pkg/filter/root_context.go:179.2,179.33 1 0
envoy-wasm-graphql-federation/pkg/filter/root_context.go:179.33,181.27 2 0
envoy-wasm-graphql-federation/pkg/filter/root_context.go:181.27,183.4 1 0
envoy-wasm-graphql-federation/pkg/filter/root_context.go:184.3,184.26 1 0
envoy-wasm-graphql-federation/pkg/filter/root_context.go:184.26,186.4 1 0
envoy-wasm-graphql-federation/pkg/filter/root_context.go:191.54,192.27 1 0
envoy-wasm-graphql-federation/pkg/filter/root_context.go:192.27,195.3 1 0
envoy-wasm-graphql-federation/pkg/filter/root_context.go:198.2,199.16 2 0
envoy-wasm-graphql-federation/pkg/filter/root_context.go:199.16,201.3 1 0
envoy-wasm-graphql-federation/pkg/filter/root_context.go:204.2,204.54 1 0
envoy-wasm-graphql-federation/pkg/filter/root_context.go:204.54,206.3 1 0
envoy-wasm-graphql-federation/pkg/filter/root_context.go:208.2,209.12 2 0
envoy-wasm-graphql-federation/pkg/filter/root_context.go:213.47,214.27 1 0
envoy-wasm-graphql-federation/pkg/filter/root_context.go:214.27,216.3 1 0
envoy-wasm-graphql-federation/pkg/filter/root_context.go:219.2,222.58 2 0
envoy-wasm-graphql-federation/pkg/filter/root_context.go:222.58,223.29 1 0
envoy-wasm-graphql-federation/pkg/filter/root_context.go:223.29,229.4 1 0
envoy-wasm-graphql-federation/pkg/filter/root_context.go:234.42,235.27 1 0
envoy-wasm-graphql-federation/pkg/filter/root_context.go:235.27,237.3 1 0
envoy-wasm-graphql-federation/pkg/filter/root_context.go:239.2,246.3 2 0
envoy-wasm-graphql-federation/pkg/filter/root_context.go:250.42,251.27 1 0
envoy-wasm-graphql-federation/pkg/filter/root_context.go:251.27,253.3 1 0
envoy-wasm-graphql-federation/pkg/filter/root_context.go:256.2,256.40 1 0
envoy-wasm-graphql-federation/pkg/filter/root_context.go:260.71,262.2 1 0
envoy-wasm-graphql-federation/pkg/filter/root_context.go:265.60,267.2 1 0
envoy-wasm-graphql-federation/pkg/filter/root_context.go:270.46,272.2 1 0
envoy-wasm-graphql-federation/pkg/merger/merger.go:72.108,73.19 1 1
envoy-wasm-graphql-federation/pkg/merger/merger.go:73.19,75.3 1 1
envoy-wasm-graphql-federation/pkg/merger/merger.go:77.2,80.3 1 1
envoy-wasm-graphql-federation/pkg/merger/merger.go:84.42,93.2 1 1
envoy-wasm-graphql-federation/pkg/merger/merger.go:96.187,97.25 1 1
envoy-wasm-graphql-federation/pkg/merger/merger.go:97.25,101.3 1 1
envoy-wasm-graphql-federation/pkg/merger/merger.go:104.2,104.17 1 1
envoy-wasm-graphql-federation/pkg/merger/merger.go:104.17,108.3 1 1
envoy-wasm-graphql-federation/pkg/merger/merger.go:110.2,116.28 2 1
envoy-wasm-graphql-federation/pkg/merger/merger.go:117.41,118.43 1 0
envoy-wasm-graphql-federation/pkg/merger/merger.go:119.44,120.46 1 1
envoy-wasm-graphql-federation/pkg/merger/merger.go:121.10,122.46 1 0
envoy-wasm-graphql-federation/pkg/merger/merger.go:127.182,137.33 5 0
envoy-wasm-graphql-federation/pkg/merger/merger.go:137.33,138.24 1 0
envoy-wasm-graphql-federation/pkg/merger/merger.go:138.24,148.12 3 0
envoy-wasm-graphql-federation/pkg/merger/merger.go:151.3,151.25 1 0
envoy-wasm-graphql-federation/pkg/merger/merger.go:151.25,153.4 1 0
envoy-wasm-graphql-federation/pkg/merger/merger.go:155.3,155.23 1 0
envoy-wasm-graphql-federation/pkg/merger/merger.go:155.23,158.4 2 0
envoy-wasm-graphql-federation/pkg/merger/merger.go:162.2,162.30 1 0
envoy-wasm-graphql-federation/pkg/merger/merger.go:162.30,165.3 2 0
envoy-wasm-graphql-federation/pkg/merger/merger.go:168.2,169.16 2 0
envoy-wasm-graphql-federation/pkg/merger/merger.go:169.16,171.3 1 0
envoy-wasm-graphql-federation/pkg/merger/merger.go:173.2,182.20 5 0
envoy-wasm-graphql-federation/pkg/merger/merger.go:186.185,197.33 5 1
envoy-wasm-graphql-federation/pkg/merger/merger.go:197.33,198.24 1 1
envoy-wasm-graphql-federation/pkg/merger/merger.go:198.24,207.12 3 0
envoy-wasm-graphql-federation/pkg/merger/merger.go:210.3,210.25 1 1
envoy-wasm-graphql-federation/pkg/merger/merger.go:210.25,212.4 1 0
envoy-wasm-graphql-federation/pkg/merger/merger.go:214.3,214.23 1 1
envoy-wasm-graphql-federation/pkg/merger/merger.go:214.23,218.62 2 1
envoy-wasm-graphql-federation/pkg/merger/merger.go:218.62,219.38 1 1
envoy-wasm-graphql-federation/pkg/merger/merger.go:219.38,220.50 1 1
envoy-wasm-graphql-federation/pkg/merger/merger.go:220.50,223.21 2 0
envoy-wasm-graphql-federation/pkg/merger/merger.go:223.21,229.16 2 0
envoy-wasm-graphql-federation/pkg/merger/merger.go:231.7,231.33 1 0
envoy-wasm-graphql-federation/pkg/merger/merger.go:232.12,234.7 1 1
envoy-wasm-graphql-federation/pkg/merger/merger.go:240.2,249.20 4 1
envoy-wasm-graphql-federation/pkg/merger/merger.go:253.118,254.31 1 0
envoy-wasm-graphql-federation/pkg/merger/merger.go:254.31,256.3 1 0
envoy-wasm-graphql-federation/pkg/merger/merger.go:258.2,258.25 1 0
envoy-wasm-graphql-federation/pkg/merger/merger.go:258.25,260.3 1 0
envoy-wasm-graphql-federation/pkg/merger/merger.go:262.2,262.25 1 0
envoy-wasm-graphql-federation/pkg/merger/merger.go:262.25,264.3 1 0
envoy-wasm-graphql-federation/pkg/merger/merger.go:267.2,268.33 2 0
envoy-wasm-graphql-federation/pkg/merger/merger.go:268.33,269.23 1 0
envoy-wasm-graphql-federation/pkg/merger/merger.go:269.23,271.4 1 0
envoy-wasm-graphql-federation/pkg/merger/merger.go:274.2,274.25 1 0
envoy-wasm-graphql-federation/pkg/merger/merger.go:274.25,276.3 1 0
envoy-wasm-graphql-federation/pkg/merger/merger.go:279.2,280.39 2 0
envoy-wasm-graphql-federation/pkg/merger/merger.go:281.30,282.42 1 0
envoy-wasm-graphql-federation/pkg/merger/merger.go:283.21,284.41 1 0
envoy-wasm-graphql-federation/pkg/merger/merger.go:285.10,287.83 1 0
envoy-wasm-graphql-federation/pkg/merger/merger.go:292.105,295.30 2 0
envoy-wasm-graphql-federation/pkg/merger/merger.go:295.30,297.10 2 0
envoy-wasm-graphql-federation/pkg/merger/merger.go:297.10,298.12 1 0
envoy-wasm-graphql-federation/pkg/merger/merger.go:301.3,301.34 1 0
envoy-wasm-graphql-federation/pkg/merger/merger.go:301.34,302.47 1 0
envoy-wasm-graphql-federation/pkg/merger/merger.go:302.47,304.50 1 0
envoy-wasm-graphql-federation/pkg/merger/merger.go:304.50,309.20 2 0
envoy-wasm-graphql-federation/pkg/merger/merger.go:309.20,311.7 1 0
envoy-wasm-graphql-federation/pkg/merger/merger.go:312.6,312.31 1 0
envoy-wasm-graphql-federation/pkg/merger/merger.go:313.11,316.20 2 0
envoy-wasm-graphql-federation/pkg/merger/merger.go:316.20,318.7 1 0
envoy-wasm-graphql-federation/pkg/merger/merger.go:319.6,319.33 1 0
envoy-wasm-graphql-federation/pkg/merger/merger.go:321.10,323.5 1 0
envoy-wasm-graphql-federation/pkg/merger/merger.go:327.2,327.20 1 0
envoy-wasm-graphql-federation/pkg/merger/merger.go:331.94,334.29 2 0
envoy-wasm-graphql-federation/pkg/merger/merger.go:334.29,336.10 2 0
envoy-wasm-graphql-federation/pkg/merger/merger.go:336.10,337.12 1 0
envoy-wasm-graphql-federation/pkg/merger/merger.go:339.3,339.39 1 0
envoy-wasm-graphql-federation/pkg/merger/merger.go:343.2,343.40 1 0
envoy-wasm-graphql-federation/pkg/merger/merger.go:347.83,352.33 3 0
envoy-wasm-graphql-federation/pkg/merger/merger.go:352.33,354.3 1 0
envoy-wasm-graphql-federation/pkg/merger/merger.go:357.2,360.36 3 0
envoy-wasm-graphql-federation/pkg/merger/merger.go:364.115,366.56 1 0
envoy-wasm-graphql-federation/pkg/merger/merger.go:366.56,368.3 1 0
envoy-wasm-graphql-federation/pkg/merger/merger.go:371.2,371.18 1 0
envoy-wasm-graphql-federation/pkg/merger/merger.go:371.18,372.30 1 0
envoy-wasm-graphql-federation/pkg/merger/merger.go:373.23,374.24 1 0
envoy-wasm-graphql-federation/pkg/merger/merger.go:375.23,376.21 1 0
envoy-wasm-graphql-federation/pkg/merger/merger.go:377.27,378.21 1 0
envoy-wasm-graphql-federation/pkg/merger/merger.go:382.2,382.21 1 0
envoy-wasm-graphql-federation/pkg/merger/merger.go:382.21,384.3 1 0
envoy-wasm-graphql-federation/pkg/merger/merger.go:387.2,387.33 1 0
envoy-wasm-graphql-federation/pkg/merger/merger.go:388.27,389.23 1 0
envoy-wasm-graphql-federation/pkg/merger/merger.go:390.26,391.20 1 0
envoy-wasm-graphql-federation/pkg/merger/merger.go:392.27,393.41 1 0
envoy-wasm-graphql-federation/pkg/merger/merger.go:394.27,395.70 1 0
envoy-wasm-graphql-federation/pkg/merger/merger.go:396.10,397.23 1 0
envoy-wasm-graphql-federation/pkg/merger/merger.go:402.89,404.55 1 0
envoy-wasm-graphql-federation/pkg/merger/merger.go:404.55,405.26 1 0
envoy-wasm-graphql-federation/pkg/merger/merger.go:406.31,407.60 1 0
envoy-wasm-graphql-federation/pkg/merger/merger.go:408.22,409.59 1 0
envoy-wasm-graphql-federation/pkg/merger/merger.go:410.15,412.53 1 0
envoy-wasm-graphql-federation/pkg/merger/merger.go:413.28,415.42 1 0
envoy-wasm-graphql-federation/pkg/merger/merger.go:420.2,420.22 1 0
envoy-wasm-graphql-federation/pkg/merger/merger.go:424.78,428.70 3 0
envoy-wasm-graphql-federation/pkg/merger/merger.go:428.70,432.3 3 0
envoy-wasm-graphql-federation/pkg/merger/merger.go:434.2,436.25 3 0
envoy-wasm-graphql-federation/pkg/merger/merger.go:440.61,441.25 1 0
envoy-wasm-graphql-federation/pkg/merger/merger.go:442.11,443.20 1 0
envoy-wasm-graphql-federation/pkg/merger/merger.go:444.13,445.20 1 0
envoy-wasm-graphql-federation/pkg/merger/merger.go:446.15,447.11 1 0
envoy-wasm-graphql-federation/pkg/merger/merger.go:448.15,449.20 1 0
envoy-wasm-graphql-federation/pkg/merger/merger.go:450.10,451.11 1 0
envoy-wasm-graphql-federation/pkg/merger/merger.go:456.57,457.25 1 0
envoy-wasm-graphql-federation/pkg/merger/merger.go:458.11,459.18 1 0
envoy-wasm-graphql-federation/pkg/merger/merger.go:460.13,461.11 1 0
envoy-wasm-graphql-federation/pkg/merger/merger.go:462.15,463.18 1 0
envoy-wasm-graphql-federation/pkg/merger/merger.go:464.15,465.18 1 0
envoy-wasm-graphql-federation/pkg/merger/merger.go:466.10,467.11 1 0
envoy-wasm-graphql-federation/pkg/merger/merger.go:472.111,473.22 1 0
envoy-wasm-graphql-federation/pkg/merger/merger.go:473.22,475.3 1 0
envoy-wasm-graphql-federation/pkg/merger/merger.go:477.2,477.33 1 0
envoy-wasm-graphql-federation/pkg/merger/merger.go:478.27,479.24 1 0
envoy-wasm-graphql-federation/pkg/merger/merger.go:480.26,481.36 1 0
envoy-wasm-graphql-federation/pkg/merger/merger.go:482.27,483.74 1 0
envoy-wasm-graphql-federation/pkg/merger/merger.go:484.10,485.24 1 0
envoy-wasm-graphql-federation/pkg/merger/merger.go:490.76,494.27 3 0
envoy-wasm-graphql-federation/pkg/merger/merger.go:494.27,497.17 2 0
envoy-wasm-graphql-federation/pkg/merger/merger.go:497.17,500.12 2 0
envoy-wasm-graphql-federation/pkg/merger/merger.go:503.3,504.17 2 0
envoy-wasm-graphql-federation/pkg/merger/merger.go:504.17,507.4 2 0
envoy-wasm-graphql-federation/pkg/merger/merger.go:510.2,510.15 1 0
envoy-wasm-graphql-federation/pkg/merger/merger.go:514.108,515.22 1 1
envoy-wasm-graphql-federation/pkg/merger/merger.go:515.22,517.3 1 1
envoy-wasm-graphql-federation/pkg/merger/merger.go:520.2,523.29 3 0
envoy-wasm-graphql-federation/pkg/merger/merger.go:523.29,526.28 2 0
envoy-wasm-graphql-federation/pkg/merger/merger.go:526.28,527.46 1 0
envoy-wasm-graphql-federation/pkg/merger/merger.go:527.46,529.5 1 0
envoy-wasm-graphql-federation/pkg/merger/merger.go:532.3,532.17 1 0
envoy-wasm-graphql-federation/pkg/merger/merger.go:532.17,535.4 2 0
envoy-wasm-graphql-federation/pkg/merger/merger.go:539.2,539.47 1 0
envoy-wasm-graphql-federation/pkg/merger/merger.go:539.47,541.3 1 0
envoy-wasm-graphql-federation/pkg/merger/merger.go:543.2,543.21 1 0
envoy-wasm-graphql-federation/pkg/merger/merger.go:547.81,548.27 1 0
envoy-wasm-graphql-federation/pkg/merger/merger.go:548.27,549.45 1 0
envoy-wasm-graphql-federation/pkg/merger/merger.go:549.45,550.16 1 0
envoy-wasm-graphql-federation/pkg/merger/merger.go:551.26,552.15 1 0
envoy-wasm-graphql-federation/pkg/merger/merger.go:553.25,554.14 1 0
envoy-wasm-graphql-federation/pkg/merger/merger.go:555.28,556.14 1 0
[...]
envoy-wasm-graphql-federation/pkg/planner/planner.go:1469.87,1473.27 3 0
envoy-wasm-graphql-federation/pkg/planner/planner.go:1473.27,1475.21 1 0
envoy-wasm-graphql-federation/pkg/planner/planner.go:1475.21,1476.12 1 0
envoy-wasm-graphql-federation/pkg/planner/planner.go:1480.3,1480.19 1 0
envoy-wasm-graphql-federation/pkg/planner/planner.go:1480.19,1483.4 2 0
envoy-wasm-graphql-federation/pkg/planner/planner.go:1486.2,1486.15 1 0
envoy-wasm-graphql-federation/pkg/planner/planner.go:1492.190,1493.18 1 0
envoy-wasm-graphql-federation/pkg/planner/planner.go:1493.18,1495.3 1 0
envoy-wasm-graphql-federation/pkg/planner/planner.go:1497.2,1497.24 1 0
envoy-wasm-graphql-federation/pkg/planner/planner.go:1497.24,1499.3 1 0
envoy-wasm-graphql-federation/pkg/planner/planner.go:1501.2,1508.16 3 0
envoy-wasm-graphql-federation/pkg/planner/planner.go:1508.16,1510.3 1 0
envoy-wasm-graphql-federation/pkg/planner/planner.go:1513.2,1514.16 2 0
envoy-wasm-graphql-federation/pkg/planner/planner.go:1514.16,1516.3 1 0
envoy-wasm-graphql-federation/pkg/planner/planner.go:1519.2,1535.18 4 0
envoy-wasm-graphql-federation/pkg/planner/planner.go:1539.166,1543.2 1 0
envoy-wasm-graphql-federation/pkg/planner/planner.go:1546.130,1549.34 2 0
envoy-wasm-graphql-federation/pkg/planner/planner.go:1549.34,1557.3 2 0
envoy-wasm-graphql-federation/pkg/planner/planner.go:1559.2,1559.25 1 0
envoy-wasm-graphql-federation/pkg/planner/planner.go:1563.91,1566.45 2 0
envoy-wasm-graphql-federation/pkg/planner/planner.go:1566.45,1569.3 2 0
envoy-wasm-graphql-federation/pkg/planner/planner.go:1572.2,1574.34 3 0
envoy-wasm-graphql-federation/pkg/planner/planner.go:1574.34,1575.19 1 0
envoy-wasm-graphql-federation/pkg/planner/planner.go:1575.19,1578.4 2 0
envoy-wasm-graphql-federation/pkg/planner/planner.go:1581.2,1581.15 1 0
envoy-wasm-graphql-federation/pkg/planner/planner.go:1585.83,1588.38 2 0
envoy-wasm-graphql-federation/pkg/planner/planner.go:1588.38,1590.82 1 0
envoy-wasm-graphql-federation/pkg/planner/planner.go:1590.82,1591.12 1 0
envoy-wasm-graphql-federation/pkg/planner/planner.go:1593.3,1593.38 1 0
envoy-wasm-graphql-federation/pkg/planner/planner.go:1596.2,1596.57 1 0
envoy-wasm-graphql-federation/pkg/planner/planner.go:1600.99,1601.45 1 0
envoy-wasm-graphql-federation/pkg/planner/planner.go:1601.45,1603.32 2 0
envoy-wasm-graphql-federation/pkg/planner/planner.go:1603.32,1604.26 1 0
envoy-wasm-graphql-federation/pkg/planner/planner.go:1604.26,1606.5 1 0
envoy-wasm-graphql-federation/pkg/planner/planner.go:1609.2,1609.14 1 0
envoy-wasm-graphql-federation/pkg/planner/planner.go:1613.131,1616.41 2 0
envoy-wasm-graphql-federation/pkg/planner/planner.go:1616.41,1624.3 2 0
envoy-wasm-graphql-federation/pkg/planner/planner.go:1626.2,1626.19 1 0
envoy-wasm-graphql-federation/pkg/planner/planner.go:1630.107,1633.34 2 0
envoy-wasm-graphql-federation/pkg/planner/planner.go:1633.34,1638.39 3 0
envoy-wasm-graphql-federation/pkg/planner/planner.go:1638.39,1639.40 1 0
envoy-wasm-graphql-federation/pkg/planner/planner.go:1639.40,1642.50 2 0
envoy-wasm-graphql-federation/pkg/planner/planner.go:1642.50,1644.51 2 0
envoy-wasm-graphql-federation/pkg/planner/planner.go:1644.51,1646.7 1 0
envoy-wasm-graphql-federation/pkg/planner/planner.go:1652.3,1653.26 2 0
envoy-wasm-graphql-federation/pkg/planner/planner.go:1653.26,1655.4 1 0
envoy-wasm-graphql-federation/pkg/planner/planner.go:1658.2,1658.21 1 0
envoy-wasm-graphql-federation/pkg/planner/planner.go:1662.123,1663.34 1 0
envoy-wasm-graphql-federation/pkg/planner/planner.go:1663.34,1664.34 1 0
envoy-wasm-graphql-federation/pkg/planner/planner.go:1664.34,1665.40 1 0
envoy-wasm-graphql-federation/pkg/planner/planner.go:1665.40,1666.68 1 0
envoy-wasm-graphql-federation/pkg/planner/planner.go:1666.68,1668.6 1 0
envoy-wasm-graphql-federation/pkg/planner/planner.go:1672.2,1672.11 1 0
envoy-wasm-graphql-federation/pkg/parser/parser.go:23.77,29.2 1 1
envoy-wasm-graphql-federation/pkg/parser/parser.go:32.81,33.36 1 1
envoy-wasm-graphql-federation/pkg/parser/parser.go:33.36,35.3 1 1
envoy-wasm-graphql-federation/pkg/parser/parser.go:37.2,43.29 4 1
envoy-wasm-graphql-federation/pkg/parser/parser.go:43.29,46.3 2 1
envoy-wasm-graphql-federation/pkg/parser/parser.go:49.2,50.16 2 1
envoy-wasm-graphql-federation/pkg/parser/parser.go:50.16,52.3 1 0
envoy-wasm-graphql-federation/pkg/parser/parser.go:54.2,60.25 2 1
envoy-wasm-graphql-federation/pkg/parser/parser.go:64.106,65.18 1 1
envoy-wasm-graphql-federation/pkg/parser/parser.go:65.18,67.3 1 1
envoy-wasm-graphql-federation/pkg/parser/parser.go:69.2,69.19 1 1
envoy-wasm-graphql-federation/pkg/parser/parser.go:69.19,71.3 1 1
envoy-wasm-graphql-federation/pkg/parser/parser.go:73.2,77.9 3 0
envoy-wasm-graphql-federation/pkg/parser/parser.go:77.9,79.3 1 0
envoy-wasm-graphql-federation/pkg/parser/parser.go:82.2,83.16 2 0
envoy-wasm-graphql-federation/pkg/parser/parser.go:83.16,85.3 1 0
envoy-wasm-graphql-federation/pkg/parser/parser.go:88.2,92.24 4 0
envoy-wasm-graphql-federation/pkg/parser/parser.go:92.24,95.3 2 0
envoy-wasm-graphql-federation/pkg/parser/parser.go:98.2,98.21 1 0
envoy-wasm-graphql-federation/pkg/parser/parser.go:98.21,101.3 1 0
envoy-wasm-graphql-federation/pkg/parser/parser.go:104.2,104.26 1 0
envoy-wasm-graphql-federation/pkg/parser/parser.go:104.26,107.3 1 0
envoy-wasm-graphql-federation/pkg/parser/parser.go:109.2,109.12 1 0
envoy-wasm-graphql-federation/pkg/parser/parser.go:113.105,114.18 1 1
envoy-wasm-graphql-federation/pkg/parser/parser.go:114.18,116.3 1 1
envoy-wasm-graphql-federation/pkg/parser/parser.go:118.2,119.9 2 0
envoy-wasm-graphql-federation/pkg/parser/parser.go:119.9,121.3 1 0
envoy-wasm-graphql-federation/pkg/parser/parser.go:123.2,128.50 3 0
envoy-wasm-graphql-federation/pkg/parser/parser.go:128.50,132.28 2 0
envoy-wasm-graphql-federation/pkg/parser/parser.go:132.28,134.40 2 0
envoy-wasm-graphql-federation/pkg/parser/parser.go:134.40,135.13 1 0
envoy-wasm-graphql-federation/pkg/parser/parser.go:140.3,142.44 3 0
envoy-wasm-graphql-federation/pkg/parser/parser.go:145.2,146.24 2 0
envoy-wasm-graphql-federation/pkg/parser/parser.go:150.128,161.45 4 1
envoy-wasm-graphql-federation/pkg/parser/parser.go:161.45,165.3 2 1
envoy-wasm-graphql-federation/pkg/parser/parser.go:165.8,169.3 1 0
envoy-wasm-graphql-federation/pkg/parser/parser.go:173.2,173.98 1 1
envoy-wasm-graphql-federation/pkg/parser/parser.go:173.98,175.3 1 1
envoy-wasm-graphql-federation/pkg/parser/parser.go:178.2,184.20 4 1
envoy-wasm-graphql-federation/pkg/parser/parser.go:188.133,191.24 2 0
envoy-wasm-graphql-federation/pkg/parser/parser.go:191.24,193.3 1 0
envoy-wasm-graphql-federation/pkg/parser/parser.go:195.2,196.42 2 0
envoy-wasm-graphql-federation/pkg/parser/parser.go:196.42,199.25 2 0
envoy-wasm-graphql-federation/pkg/parser/parser.go:200.31,214.32 6 0
envoy-wasm-graphql-federation/pkg/parser/parser.go:214.32,217.5 2 0
envoy-wasm-graphql-federation/pkg/parser/parser.go:219.40,222.69 2 0
envoy-wasm-graphql-federation/pkg/parser/parser.go:224.40,227.41 2 0
envoy-wasm-graphql-federation/pkg/parser/parser.go:227.41,230.5 2 0
envoy-wasm-graphql-federation/pkg/parser/parser.go:234.2,234.19 1 0
envoy-wasm-graphql-federation/pkg/parser/parser.go:238.97,241.2 2 1
envoy-wasm-graphql-federation/pkg/parser/parser.go:244.130,245.24 1 1
envoy-wasm-graphql-federation/pkg/parser/parser.go:245.24,247.3 1 0
envoy-wasm-graphql-federation/pkg/parser/parser.go:250.2,250.27 1 1
envoy-wasm-graphql-federation/pkg/parser/parser.go:250.27,252.3 1 1
envoy-wasm-graphql-federation/pkg/parser/parser.go:255.2,256.36 2 1
envoy-wasm-graphql-federation/pkg/parser/parser.go:256.36,259.3 2 0
envoy-wasm-graphql-federation/pkg/parser/parser.go:262.2,263.15 2 1
envoy-wasm-graphql-federation/pkg/parser/parser.go:263.15,265.3 1 1
envoy-wasm-graphql-federation/pkg/parser/parser.go:267.2,270.42 3 1
envoy-wasm-graphql-federation/pkg/parser/parser.go:270.42,273.25 2 1
envoy-wasm-graphql-federation/pkg/parser/parser.go:274.31,276.32 2 1
envoy-wasm-graphql-federation/pkg/parser/parser.go:276.32,278.25 2 1
envoy-wasm-graphql-federation/pkg/parser/parser.go:278.25,280.6 1 1
envoy-wasm-graphql-federation/pkg/parser/parser.go:283.40,285.41 2 0
envoy-wasm-graphql-federation/pkg/parser/parser.go:285.41,287.25 2 0
envoy-wasm-graphql-federation/pkg/parser/parser.go:287.25,289.6 1 0
envoy-wasm-graphql-federation/pkg/parser/parser.go:294.2,294.17 1 1
envoy-wasm-graphql-federation/pkg/parser/parser.go:298.84,301.2 2 1
envoy-wasm-graphql-federation/pkg/parser/parser.go:304.117,305.24 1 1
envoy-wasm-graphql-federation/pkg/parser/parser.go:305.24,307.3 1 0
envoy-wasm-graphql-federation/pkg/parser/parser.go:310.2,310.27 1 1
envoy-wasm-graphql-federation/pkg/parser/parser.go:310.27,312.3 1 1
envoy-wasm-graphql-federation/pkg/parser/parser.go:315.2,316.15 2 1
envoy-wasm-graphql-federation/pkg/parser/parser.go:316.15,318.3 1 1
envoy-wasm-graphql-federation/pkg/parser/parser.go:320.2,323.42 3 1
envoy-wasm-graphql-federation/pkg/parser/parser.go:323.42,326.25 2 1
envoy-wasm-graphql-federation/pkg/parser/parser.go:327.31,331.32 3 1
envoy-wasm-graphql-federation/pkg/parser/parser.go:331.32,333.5 1 1
envoy-wasm-graphql-federation/pkg/parser/parser.go:335.40,337.41 2 0
envoy-wasm-graphql-federation/pkg/parser/parser.go:337.41,339.5 1 0
envoy-wasm-graphql-federation/pkg/parser/parser.go:343.2,343.19 1 1
envoy-wasm-graphql-federation/pkg/parser/parser.go:347.96,348.49 1 1
envoy-wasm-graphql-federation/pkg/parser/parser.go:348.49,354.3 3 0
envoy-wasm-graphql-federation/pkg/parser/parser.go:358.71,361.29 2 0
envoy-wasm-graphql-federation/pkg/parser/parser.go:361.29,363.3 1 0
envoy-wasm-graphql-federation/pkg/parser/parser.go:365.2,365.23 1 0
envoy-wasm-graphql-federation/pkg/parser/parser.go:369.79,372.2 1 0
envoy-wasm-graphql-federation/pkg/parser/parser.go:375.81,376.19 1 0
envoy-wasm-graphql-federation/pkg/parser/parser.go:376.19,378.3 1 0
envoy-wasm-graphql-federation/pkg/parser/parser.go:381.2,381.51 1 0
envoy-wasm-graphql-federation/pkg/parser/parser.go:381.51,384.3 2 0
envoy-wasm-graphql-federation/pkg/parser/parser.go:386.2,386.17 1 0
envoy-wasm-graphql-federation/pkg/parser/parser.go:390.82,391.27 1 0
envoy-wasm-graphql-federation/pkg/parser/parser.go:392.25,394.28 1 0
envoy-wasm-graphql-federation/pkg/parser/parser.go:394.28,396.4 1 0
envoy-wasm-graphql-federation/pkg/parser/parser.go:397.3,397.18 1 0
envoy-wasm-graphql-federation/pkg/parser/parser.go:399.24,401.28 1 0
envoy-wasm-graphql-federation/pkg/parser/parser.go:401.28,404.4 2 0
envoy-wasm-graphql-federation/pkg/parser/parser.go:405.3,405.20 1 0
envoy-wasm-graphql-federation/pkg/parser/parser.go:407.27,409.28 1 0
envoy-wasm-graphql-federation/pkg/parser/parser.go:409.28,412.4 2 0
envoy-wasm-graphql-federation/pkg/parser/parser.go:413.3,413.19 1 0
envoy-wasm-graphql-federation/pkg/parser/parser.go:415.10,416.18 1 0
envoy-wasm-graphql-federation/pkg/parser/parser.go:421.74,422.25 1 1
envoy-wasm-graphql-federation/pkg/parser/parser.go:422.25,424.3 1 0
envoy-wasm-graphql-federation/pkg/parser/parser.go:427.2,430.52 2 1
envoy-wasm-graphql-federation/pkg/parser/parser.go:430.52,434.3 2 1
envoy-wasm-graphql-federation/pkg/parser/parser.go:437.2,437.52 1 1
envoy-wasm-graphql-federation/pkg/parser/parser.go:437.52,439.3 1 0
envoy-wasm-graphql-federation/pkg/parser/parser.go:442.2,443.28 2 1
envoy-wasm-graphql-federation/pkg/parser/parser.go:443.28,445.29 2 1
envoy-wasm-graphql-federation/pkg/parser/parser.go:445.29,447.4 1 0
envoy-wasm-graphql-federation/pkg/parser/parser.go:450.2,455.51 2 1
envoy-wasm-graphql-federation/pkg/parser/parser.go:459.80,460.25 1 0
envoy-wasm-graphql-federation/pkg/parser/parser.go:460.25,462.3 1 0
envoy-wasm-graphql-federation/pkg/parser/parser.go:465.2,468.52 2 0
envoy-wasm-graphql-federation/pkg/parser/parser.go:468.52,471.3 2 0
envoy-wasm-graphql-federation/pkg/parser/parser.go:474.2,474.52 1 0
envoy-wasm-graphql-federation/pkg/parser/parser.go:474.52,477.3 2 0
envoy-wasm-graphql-federation/pkg/parser/parser.go:480.2,481.28 2 0
envoy-wasm-graphql-federation/pkg/parser/parser.go:481.28,483.29 2 0
envoy-wasm-graphql-federation/pkg/parser/parser.go:483.29,485.4 1 0
envoy-wasm-graphql-federation/pkg/parser/parser.go:488.2,493.56 2 0
envoy-wasm-graphql-federation/pkg/parser/parser.go:497.68,501.41 2 0
envoy-wasm-graphql-federation/pkg/parser/parser.go:501.41,502.89 1 0
envoy-wasm-graphql-federation/pkg/parser/parser.go:502.89,504.4 1 0
envoy-wasm-graphql-federation/pkg/parser/parser.go:505.3,505.45 1 0
envoy-wasm-graphql-federation/pkg/parser/parser.go:505.45,507.4 1 0
envoy-wasm-graphql-federation/pkg/parser/parser.go:508.3,508.23 1 0
envoy-wasm-graphql-federation/pkg/parser/parser.go:512.2,512.40 1 0
envoy-wasm-graphql-federation/pkg/parser/parser.go:512.40,513.45 1 0
envoy-wasm-graphql-federation/pkg/parser/parser.go:513.45,515.4 1 0
envoy-wasm-graphql-federation/pkg/parser/parser.go:516.3,516.46 1 0
envoy-wasm-graphql-federation/pkg/parser/parser.go:516.46,518.4 1 0
envoy-wasm-graphql-federation/pkg/parser/parser.go:519.3,519.22 1 0
envoy-wasm-graphql-federation/pkg/parser/parser.go:523.2,523.81 1 0
envoy-wasm-graphql-federation/pkg/parser/parser.go:523.81,525.3 1 0
envoy-wasm-graphql-federation/pkg/parser/parser.go:528.2,528.86 1 0
envoy-wasm-graphql-federation/pkg/parser/parser.go:528.86,530.3 1 0
envoy-wasm-graphql-federation/pkg/parser/parser.go:533.2,533.45 1 0
envoy-wasm-graphql-federation/pkg/parser/parser.go:533.45,535.3 1 0
envoy-wasm-graphql-federation/pkg/parser/parser.go:538.2,538.44 1 0
envoy-wasm-graphql-federation/pkg/parser/parser.go:538.44,540.3 1 0
envoy-wasm-graphql-federation/pkg/parser/parser.go:542.2,542.18 1 0
envoy-wasm-graphql-federation/pkg/parser/parser.go:546.53,548.26 2 1
envoy-wasm-graphql-federation/pkg/parser/parser.go:548.26,550.3 1 1
envoy-wasm-graphql-federation/pkg/parser/parser.go:551.2,551.31 1 1
envoy-wasm-graphql-federation/pkg/parser/parser.go:557.102,558.37 1 0
envoy-wasm-graphql-federation/pkg/parser/parser.go:558.37,560.3 1 0
envoy-wasm-graphql-federation/pkg/parser/parser.go:562.2,566.29 3 0
envoy-wasm-graphql-federation/pkg/parser/parser.go:566.29,569.3 2 0
envoy-wasm-graphql-federation/pkg/parser/parser.go:571.2,574.51 2 0
envoy-wasm-graphql-federation/pkg/parser/parser.go:574.51,580.17 4 0
envoy-wasm-graphql-federation/pkg/parser/parser.go:580.17,582.12 2 0
envoy-wasm-graphql-federation/pkg/parser/parser.go:585.3,585.20 1 0
envoy-wasm-graphql-federation/pkg/parser/parser.go:585.20,587.4 1 0
envoy-wasm-graphql-federation/pkg/parser/parser.go:590.2,591.22 2 0
envoy-wasm-graphql-federation/pkg/parser/parser.go:595.148,600.16 3 0
envoy-wasm-graphql-federation/pkg/parser/parser.go:600.16,602.3 1 0
envoy-wasm-graphql-federation/pkg/parser/parser.go:605.2,605.35 1 0
envoy-wasm-graphql-federation/pkg/parser/parser.go:605.35,608.3 1 0
envoy-wasm-graphql-federation/pkg/parser/parser.go:610.2,617.57 2 0
envoy-wasm-graphql-federation/pkg/parser/parser.go:617.57,619.17 2 0
envoy-wasm-graphql-federation/pkg/parser/parser.go:619.17,621.12 2 0
envoy-wasm-graphql-federation/pkg/parser/parser.go:624.3,624.19 1 0
envoy-wasm-graphql-federation/pkg/parser/parser.go:624.19,626.4 1 0
envoy-wasm-graphql-federation/pkg/parser/parser.go:629.2,629.20 1 0
envoy-wasm-graphql-federation/pkg/parser/parser.go:633.126,638.55 3 0
envoy-wasm-graphql-federation/pkg/parser/parser.go:638.55,642.24 3 0
envoy-wasm-graphql-federation/pkg/parser/parser.go:643.14,645.18 2 0
envoy-wasm-graphql-federation/pkg/parser/parser.go:645.18,647.5 1 0
envoy-wasm-graphql-federation/pkg/parser/parser.go:648.4,648.27 1 0
envoy-wasm-graphql-federation/pkg/parser/parser.go:648.27,650.5 1 0
envoy-wasm-graphql-federation/pkg/parser/parser.go:652.19,654.18 2 0
envoy-wasm-graphql-federation/pkg/parser/parser.go:654.18,656.5 1 0
envoy-wasm-graphql-federation/pkg/parser/parser.go:657.4,657.43 1 0
envoy-wasm-graphql-federation/pkg/parser/parser.go:659.19,661.18 2 0
envoy-wasm-graphql-federation/pkg/parser/parser.go:661.18,663.5 1 0
envoy-wasm-graphql-federation/pkg/parser/parser.go:664.4,664.43 1 0
envoy-wasm-graphql-federation/pkg/parser/parser.go:666.19,668.18 2 0
envoy-wasm-graphql-federation/pkg/parser/parser.go:668.18,670.5 1 0
envoy-wasm-graphql-federation/pkg/parser/parser.go:671.4,671.43 1 0
envoy-wasm-graphql-federation/pkg/parser/parser.go:675.2,675.24 1 0
envoy-wasm-graphql-federation/pkg/parser/parser.go:679.124,693.16 6 0
envoy-wasm-graphql-federation/pkg/parser/parser.go:693.16,695.3 1 0
envoy-wasm-graphql-federation/pkg/parser/parser.go:696.2,699.59 2 0
envoy-wasm-graphql-federation/pkg/parser/parser.go:699.59,709.3 5 0
envoy-wasm-graphql-federation/pkg/parser/parser.go:711.2,711.19 1 0
envoy-wasm-graphql-federation/pkg/parser/parser.go:715.126,720.56 3 0
envoy-wasm-graphql-federation/pkg/parser/parser.go:720.56,723.24 2 0
envoy-wasm-graphql-federation/pkg/parser/parser.go:724.19,726.18 2 0
envoy-wasm-graphql-federation/pkg/parser/parser.go:726.18,728.5 1 0
envoy-wasm-graphql-federation/pkg/parser/parser.go:729.4,729.43 1 0
envoy-wasm-graphql-federation/pkg/parser/parser.go:731.19,733.18 2 0
envoy-wasm-graphql-federation/pkg/parser/parser.go:733.18,735.5 1 0
envoy-wasm-graphql-federation/pkg/parser/parser.go:736.4,736.43 1 0
envoy-wasm-graphql-federation/pkg/parser/parser.go:738.19,740.18 2 0
envoy-wasm-graphql-federation/pkg/parser/parser.go:740.18,742.5 1 0
envoy-wasm-graphql-federation/pkg/parser/parser.go:743.4,743.43 1 0
envoy-wasm-graphql-federation/pkg/parser/parser.go:747.2,747.24 1 0
envoy-wasm-graphql-federation/pkg/parser/parser.go:751.119,758.50 3 0
envoy-wasm-graphql-federation/pkg/parser/parser.go:758.50,762.18 3 0
envoy-wasm-graphql-federation/pkg/parser/parser.go:763.17,766.18 2 0
envoy-wasm-graphql-federation/pkg/parser/parser.go:766.18,768.5 1 0
envoy-wasm-graphql-federation/pkg/parser/parser.go:769.4,769.37 1 0
envoy-wasm-graphql-federation/pkg/parser/parser.go:771.21,774.18 2 0
envoy-wasm-graphql-federation/pkg/parser/parser.go:774.18,776.5 1 0
envoy-wasm-graphql-federation/pkg/parser/parser.go:777.4,777.45 1 0
envoy-wasm-graphql-federation/pkg/parser/parser.go:781.2,781.26 1 0
envoy-wasm-graphql-federation/pkg/parser/parser.go:785.129,790.50 3 0
envoy-wasm-graphql-federation/pkg/parser/parser.go:790.50,794.26 3 0
envoy-wasm-graphql-federation/pkg/parser/parser.go:794.26,796.18 2 0
envoy-wasm-graphql-federation/pkg/parser/parser.go:796.18,798.5 1 0
envoy-wasm-graphql-federation/pkg/parser/parser.go:799.4,799.42 1 0
envoy-wasm-graphql-federation/pkg/parser/parser.go:803.2,803.31 1 0
envoy-wasm-graphql-federation/pkg/parser/parser.go:807.129,812.50 3 0
envoy-wasm-graphql-federation/pkg/parser/parser.go:812.50,816.26 3 0
envoy-wasm-graphql-federation/pkg/parser/parser.go:816.26,818.18 2 0
envoy-wasm-graphql-federation/pkg/parser/parser.go:818.18,820.5 1 0
envoy-wasm-graphql-federation/pkg/parser/parser.go:821.4,821.42 1 0
envoy-wasm-graphql-federation/pkg/parser/parser.go:825.2,825.31 1 0
envoy-wasm-graphql-federation/pkg/parser/parser.go:829.129,834.50 3 0
envoy-wasm-graphql-federation/pkg/parser/parser.go:834.50,838.26 3 0
envoy-wasm-graphql-federation/pkg/parser/parser.go:838.26,840.18 2 0
envoy-wasm-graphql-federation/pkg/parser/parser.go:840.18,842.5 1 0
envoy-wasm-graphql-federation/pkg/parser/parser.go:843.4,843.42 1 0
envoy-wasm-graphql-federation/pkg/parser/parser.go:847.2,847.31 1 0
envoy-wasm-graphql-federation/pkg/parser/parser.go:851.91,853.39 2 0
envoy-wasm-graphql-federation/pkg/parser/parser.go:853.39,855.3 1 0
envoy-wasm-graphql-federation/pkg/parser/parser.go:857.2,857.57 1 0
envoy-wasm-graphql-federation/pkg/parser/parser.go:861.90,863.40 2 0
envoy-wasm-graphql-federation/pkg/parser/parser.go:863.40,865.3 1 0
envoy-wasm-graphql-federation/pkg/parser/parser.go:868.2,869.29 2 0
envoy-wasm-graphql-federation/pkg/parser/parser.go:873.79,874.19 1 0
envoy-wasm-graphql-federation/pkg/parser/parser.go:874.19,876.3 1 0
envoy-wasm-graphql-federation/pkg/parser/parser.go:878.2,878.48 1 0
